dataset: NIH
threshold for p-value is set to  0.05
the ratio of effective data: 0.5991851643720146
      wildtype_value  mutant_value  ...  gene_exp  classification_result
0               0.08          0.08  ...       2.0                      0
1               0.88          0.88  ...       2.0                      0
2               0.10          0.11  ...       2.0                      0
5               0.19          0.19  ...       2.0                      0
6               0.09          0.09  ...       2.0                      0
...              ...           ...  ...       ...                    ...
7113            0.00          0.01  ...       2.0                      0
7114            0.06          0.06  ...       0.0                      0
7115            0.32          0.32  ...       2.0                      1
7116            0.07          0.00  ...       3.0                      0
7117            0.50          0.50  ...       2.0                      0

[4265 rows x 21 columns]
number of positive samples: 475
number of negative samples: 3790
training the random forest...
training finished.
training accuracy: 1.0
number of correct predictions: 823
validation accuracy: 0.9648300117233294
validation precision: 0.9850746268656716
validation recall: 0.6947368421052632
validation mcc: 0.8108538435132366
validation f1: 0.8148148148148148
validation confusion matrix: [[757   1]
 [ 29  66]]
--------------------------------------------------
training the random forest...
training finished.
training accuracy: 0.9997069167643611
number of correct predictions: 830
validation accuracy: 0.9730363423212193
validation precision: 1.0
validation recall: 0.7578947368421053
validation mcc: 0.8576567923879654
validation f1: 0.8622754491017963
validation confusion matrix: [[758   0]
 [ 23  72]]
--------------------------------------------------
training the random forest...
training finished.
training accuracy: 0.9997069167643611
number of correct predictions: 820
validation accuracy: 0.9613130128956624
validation precision: 0.984375
validation recall: 0.6631578947368421
validation mcc: 0.7903510443783431
validation f1: 0.7924528301886793
validation confusion matrix: [[757   1]
 [ 32  63]]
--------------------------------------------------
training the random forest...
training finished.
training accuracy: 1.0
number of correct predictions: 832
validation accuracy: 0.9753810082063306
validation precision: 0.9868421052631579
validation recall: 0.7894736842105263
validation mcc: 0.8703429524776911
validation f1: 0.8771929824561403
validation confusion matrix: [[757   1]
 [ 20  75]]
--------------------------------------------------
training the random forest...
training finished.
training accuracy: 0.9997069167643611
number of correct predictions: 827
validation accuracy: 0.9695193434935522
validation precision: 1.0
validation recall: 0.7263157894736842
validation mcc: 0.8379909225351684
validation f1: 0.8414634146341463
validation confusion matrix: [[758   0]
 [ 26  69]]
--------------------------------------------------
averaged training accuracy: 0.9998241500586167
averaged validation accuracy: 0.9688159437280187
averaged validation precision: 0.9912583464257659
averaged validation recall: 0.7263157894736842
averaged validation MCC: 0.8334391110584809
