shape of input features: (28281, 48648)
begin to fit...
KL divergence of T-SNE:  3.7112541260015637
shape of output features: (28281, 50)
shape of output dataframe after T-SNE:                0         1         2  ...        48        49  class
0      0.155056  0.274983 -0.238951  ... -0.644794 -0.483668    1.0
1      0.356900  1.047088  0.567508  ... -0.662780 -0.191439    1.0
2      1.108547 -0.816431 -0.607515  ...  0.197984 -0.576673    1.0
3     -0.160718  0.348341  0.358525  ...  0.099777 -0.177530    2.0
4      0.110969  0.068782  0.248473  ... -0.142141  0.677890    0.0
5      0.500775  0.076900 -0.356460  ... -0.993404  0.353856    0.0
6     -0.386448  1.738920 -0.059693  ...  0.232517  0.187003    0.0
7      0.407530 -0.927329  0.616881  ... -0.077426  0.187141    1.0
8      0.887841 -0.165720 -0.205342  ... -0.032594  0.702421    1.0
9      0.008498 -1.354746  0.990288  ... -0.041920  0.542708    0.0
10     0.266879  0.109398 -1.022224  ... -0.558711 -0.105026    0.0
11    -0.417327  0.228461  0.160889  ...  0.037486 -0.652449    0.0
12     0.477909  1.024381 -0.581151  ...  1.046542  0.025799    1.0
13     0.297035  0.035242 -0.395610  ...  0.428335  0.324377    1.0
14     0.050446  0.113184  0.428125  ...  0.270163 -0.044689    0.0
15    -0.886823 -1.087281  0.085001  ...  0.914839  0.308578    1.0
16     0.560996 -0.795835  0.146999  ... -0.086601  0.017567    0.0
17    -0.282732 -0.579378 -0.418377  ...  0.645485  0.268225    1.0
18    -0.138439  0.886984 -0.131582  ...  0.884907  0.212330    0.0
19    -0.594487 -0.209339  0.399648  ...  1.015875 -0.144795    1.0
20    -0.021836  0.129740  0.252513  ... -0.156107  0.117392    1.0
21     0.061970  0.223273  0.361437  ...  1.039864  0.009747    1.0
22     0.355675  1.452196  0.121856  ... -0.762934 -0.135103    0.0
23     0.132234 -0.235098  0.458072  ... -0.258008 -0.101065    2.0
24    -0.171942 -0.673323 -0.313654  ...  0.120234 -1.320037    0.0
25     0.123809  0.291493  0.408490  ...  0.505769  0.006868    0.0
26    -0.170185  0.251027  0.185571  ...  0.696817  0.058447    0.0
27    -0.158998 -1.074359  0.119323  ... -0.280324 -0.241033    1.0
28     0.753931 -0.630371 -0.075409  ... -0.148355 -0.555463    0.0
29     0.158098  0.131525 -0.273221  ... -0.183616 -0.335583    0.0
...         ...       ...       ...  ...       ...       ...    ...
28251 -1.833123 -0.278019  0.037772  ... -0.184505  1.483134    0.0
28252  0.794985 -0.449088 -0.011356  ... -0.508064 -0.224221    1.0
28253 -0.246225  0.184449 -0.068422  ... -0.581024 -0.094366    0.0
28254  0.268724  0.289324 -0.322507  ... -0.357616 -0.104999    1.0
28255 -0.795994 -0.305869 -0.188717  ... -0.125207 -1.162399    1.0
28256 -0.841150 -0.142558  0.250235  ... -0.166916  1.342320    0.0
28257 -1.090244 -0.329363 -0.074846  ...  0.437531  0.878137    1.0
28258 -0.693684 -0.527489 -0.762693  ...  0.334887 -0.509330    1.0
28259 -0.150884  0.260450 -0.375954  ...  0.117286  0.338082    1.0
28260 -0.548725 -0.429112  0.259100  ... -0.426907 -0.518450    0.0
28261 -0.199055  0.620309  0.331734  ...  0.133328  0.119737    1.0
28262  0.191841  0.363981 -0.206932  ... -0.933046 -0.243277    0.0
28263  0.011417  0.494301  0.002621  ... -0.600630 -0.619961    1.0
28264 -0.278383  0.064527 -0.040394  ...  0.231907 -0.120399    1.0
28265  0.215151 -0.031372  0.441360  ... -1.163721 -0.153404    1.0
28266 -0.081958  0.167253 -0.370756  ...  0.000772 -0.282535    0.0
28267  0.791581 -0.639782 -0.322565  ...  0.657281 -0.291245    0.0
28268 -0.084421  0.186242 -0.383160  ... -1.172778 -0.135645    0.0
28269 -0.241491  0.251388  0.932008  ...  0.538970  0.172462    0.0
28270  0.804161  0.511054  0.378770  ... -0.184188  0.652043    2.0
28271  0.039497 -0.529158 -0.415973  ...  0.168324 -0.876976    0.0
28272  0.334474  0.820522 -0.375986  ... -0.200019  0.198616    0.0
28273 -0.017278 -0.803124  0.040407  ... -0.087816 -0.194414    1.0
28274 -1.460809  0.898632 -0.127140  ...  0.523419  0.189750    1.0
28275 -0.165494 -0.070163 -0.252347  ... -0.359767 -0.523864    0.0
28276  0.000523  0.335527  0.783679  ...  0.719826  1.003026    0.0
28277 -0.751572 -0.502783  0.944559  ...  0.226307  0.234808    1.0
28278  0.146765 -0.077358  0.667864  ... -0.896396 -0.495948    1.0
28279 -0.160342  0.614719 -0.323285  ... -0.288295 -0.348599    0.0
28280  0.074544  1.063524  0.798084  ... -1.171724 -1.147774    0.0

[28281 rows x 51 columns]
program finished.
