shape of SNPs dataframe:  (1871, 26)
total number of patients:  28281
    aromatic_rs10004516  blosum62_mu_rs10004516  ...   age  class
0                   0.0                     0.0  ...  76.0    1.0
0                   0.0                     0.0  ...  78.0    1.0
0                   0.0                     1.0  ...  75.0    1.0
0                   0.0                     1.0  ...  68.0    2.0
0                   0.0                     0.0  ...  76.0    0.0
0                   0.0                     0.0  ...  72.0    0.0
0                   0.0                     0.0  ...  44.0    0.0
0                   0.0                     1.0  ...  61.0    1.0
0                   0.0                     0.0  ...  62.0    1.0
0                   0.0                     1.0  ...  57.0    0.0
0                   0.0                     0.0  ...  54.0    0.0
0                   0.0                     0.0  ...  62.0    0.0
0                   0.0                     0.0  ...  75.0    1.0
0                   0.0                     0.0  ...  64.0    1.0
0                   0.0                     0.0  ...  41.0    0.0
0                   0.0                     0.0  ...  63.0    1.0
0                   0.0                     0.0  ...  53.0    0.0
0                   0.0                     0.0  ...  64.0    1.0
0                   0.0                     0.0  ...  70.0    0.0
0                   0.0                     0.0  ...  72.0    1.0
0                   0.0                     0.0  ...  41.0    1.0
0                   0.0                     1.0  ...  63.0    1.0
0                   0.0                     0.0  ...  65.0    0.0
0                   0.0                     0.0  ...  53.0    2.0
0                   0.0                     0.0  ...  73.0    0.0
0                   0.0                     0.0  ...  49.0    0.0
0                   0.0                     0.0  ...  63.0    0.0
0                   0.0                     1.0  ...  66.0    1.0
0                   0.0                     0.0  ...  60.0    0.0
0                   0.0                     0.0  ...  62.0    0.0
..                  ...                     ...  ...   ...    ...
0                   0.0                     0.0  ...  60.0    0.0
0                   0.0                     0.0  ...  49.0    1.0
0                   0.0                     0.0  ...  55.0    0.0
0                   0.0                     0.0  ...  40.0    1.0
0                   0.0                     0.0  ...  73.0    1.0
0                   0.0                     1.0  ...  75.0    0.0
0                   0.0                     1.0  ...  78.0    1.0
0                   0.0                     1.0  ...  67.0    1.0
0                   0.0                     0.0  ...  59.0    1.0
0                   0.0                     0.0  ...  55.0    0.0
0                   0.0                     0.0  ...  47.0    1.0
0                   0.0                     1.0  ...  57.0    0.0
0                   0.0                     1.0  ...  50.0    1.0
0                   0.0                     0.0  ...  64.0    1.0
0                   0.0                     0.0  ...  56.0    1.0
0                   0.0                     0.0  ...  62.0    0.0
0                   0.0                     0.0  ...  66.0    0.0
0                   0.0                     0.0  ...  61.0    0.0
0                   0.0                     0.0  ...  75.0    0.0
0                   0.0                     0.0  ...  53.0    2.0
0                   0.0                     0.0  ...  47.0    0.0
0                   0.0                     0.0  ...  69.0    0.0
0                   0.0                     0.0  ...  58.0    1.0
0                   0.0                     0.0  ...  58.0    1.0
0                   0.0                     0.0  ...  82.0    0.0
0                   0.0                     1.0  ...  65.0    0.0
0                   0.0                     0.0  ...  78.0    1.0
0                   0.0                     0.0  ...  62.0    1.0
0                   0.0                     0.0  ...  60.0    0.0
0                   0.0                     0.0  ...  45.0    0.0

[28281 rows x 48648 columns]
program finished.
