shape of input features: (28281, 48648)
begin to fit...
training finished.
explained_variance_ratio:
[1.11917715e-05 1.30752907e-02 5.89667121e-03 5.32672063e-03
 4.80679134e-03 4.56268042e-03 4.50250643e-03 4.44085027e-03
 4.32746484e-03 4.29467161e-03 4.23533209e-03 4.17665022e-03
 4.15200007e-03 4.12773504e-03 4.02364574e-03 3.99570791e-03
 3.91682364e-03 3.81992250e-03 3.78160226e-03 3.73153080e-03
 3.70560548e-03 3.60421943e-03 3.52782788e-03 3.48507952e-03
 3.43074148e-03 3.37099379e-03 3.35662979e-03 3.30947832e-03
 3.22955089e-03 3.10419420e-03 3.07670437e-03 3.03539540e-03
 3.02527551e-03 2.98589509e-03 2.98512010e-03 2.96528274e-03
 2.93340239e-03 2.91755723e-03 2.90569763e-03 2.87255082e-03
 2.86656237e-03 2.86202433e-03 2.84136613e-03 2.82886381e-03
 2.80897384e-03 2.79862512e-03 2.78826163e-03 2.76745130e-03
 2.75009664e-03 2.73789048e-03 2.71660112e-03 2.70152301e-03
 2.69173308e-03 2.67783733e-03 2.66878643e-03 2.65004984e-03
 2.63369226e-03 2.61953724e-03 2.61242289e-03 2.60238165e-03
 2.59492821e-03 2.56539780e-03 2.55685009e-03 2.54985772e-03
 2.54253829e-03 2.52312567e-03 2.50609484e-03 2.48982591e-03
 2.48141213e-03 2.46489028e-03 2.45679773e-03 2.45070906e-03
 2.41495809e-03 2.40888361e-03 2.39997004e-03 2.39364551e-03
 2.39268738e-03 2.37427349e-03 2.36119243e-03 2.35210505e-03
 2.33653005e-03 2.32075583e-03 2.31733030e-03 2.29874743e-03
 2.29627519e-03 2.28822960e-03 2.27796090e-03 2.27012326e-03
 2.26322719e-03 2.25548366e-03 2.25372158e-03 2.22880959e-03
 2.22586810e-03 2.21471045e-03 2.21092442e-03 2.20520406e-03
 2.20266270e-03 2.19327900e-03 2.17845694e-03 2.17539772e-03
 2.16715139e-03 2.15630299e-03 2.15466102e-03 2.15191612e-03
 2.14178316e-03 2.13522479e-03 2.11830459e-03 2.10977085e-03
 2.10179577e-03 2.09077314e-03 2.08667128e-03 2.07526291e-03
 2.07079382e-03 2.06531491e-03 2.06059270e-03 2.05444758e-03
 2.04580163e-03 2.03237562e-03 2.03094918e-03 2.02418675e-03
 2.02222524e-03 2.01310015e-03 2.00052872e-03 1.98147318e-03
 1.97375444e-03 1.96886298e-03 1.95608850e-03 1.95167750e-03
 1.94469919e-03 1.93726693e-03 1.92842155e-03 1.92554148e-03
 1.90537700e-03 1.89754061e-03 1.89013749e-03 1.87870927e-03
 1.86934054e-03 1.86364688e-03 1.85703494e-03 1.85204585e-03
 1.84969967e-03 1.84640889e-03 1.84244005e-03 1.83474717e-03
 1.82910156e-03 1.82088255e-03 1.81124443e-03 1.81067583e-03
 1.79698773e-03 1.79389134e-03 1.78768173e-03 1.78359864e-03
 1.77242184e-03 1.76752121e-03 1.76262832e-03 1.75605466e-03
 1.75146909e-03 1.74211405e-03 1.73815884e-03 1.73144963e-03
 1.72731327e-03 1.72243377e-03 1.71431369e-03 1.71161812e-03
 1.70187670e-03 1.70043621e-03 1.69079751e-03 1.69008431e-03
 1.68053938e-03 1.67731380e-03 1.67634443e-03 1.67007239e-03
 1.66315255e-03 1.65598387e-03 1.64949660e-03 1.64739098e-03
 1.64216189e-03 1.63847330e-03 1.63163658e-03 1.62591969e-03
 1.61577891e-03 1.61451046e-03 1.61000841e-03 1.59922491e-03
 1.59751299e-03 1.58929292e-03 1.58701220e-03 1.58362845e-03
 1.57056677e-03 1.56556903e-03 1.55885505e-03 1.55599551e-03
 1.54872707e-03 1.54202383e-03 1.52542967e-03 1.51886026e-03
 1.51608414e-03 1.51234006e-03 1.50887810e-03 1.50728722e-03
 1.49223710e-03 1.48228576e-03 1.48019332e-03 1.47571804e-03
 1.46690905e-03 1.46530340e-03 1.45737011e-03 1.45360749e-03
 1.44601471e-03 1.43852368e-03 1.42806104e-03 1.41678382e-03
 1.41461435e-03 1.40979771e-03 1.39605262e-03 1.39255783e-03
 1.38420897e-03 1.37385830e-03 1.37115816e-03 1.36884640e-03
 1.35114611e-03 1.33464097e-03 1.33016430e-03 1.32283110e-03
 1.31630884e-03 1.30888298e-03 1.29438487e-03 1.28791483e-03
 1.28224509e-03 1.28036615e-03 1.27816578e-03 1.25956745e-03
 1.24995563e-03 1.24462060e-03 1.23539360e-03 1.22994483e-03
 1.22180711e-03 1.21208019e-03 1.19800051e-03 1.19383142e-03
 1.18722360e-03 1.18564508e-03 1.17823059e-03 1.16507332e-03
 1.16048128e-03 1.15418600e-03 1.14974987e-03 1.14043107e-03
 1.13434468e-03 1.12593395e-03 1.12108044e-03 1.11890512e-03
 1.11100650e-03 1.10937580e-03 1.10042342e-03 1.09218483e-03]
total explained variance_ratio
0.557297818035119
shape of output features: (28281, 256)
shape of output dataframe:  (28281, 257)
program finished.
