shape of input features: (28281, 48648)
begin to fit...
training finished.
explained_variance_ratio:
[1.11917715e-05 1.30752907e-02 5.89665710e-03 5.32668550e-03
 4.80670610e-03 4.56253490e-03 4.50229702e-03 4.44053290e-03
 4.32722473e-03 4.29444844e-03 4.23482343e-03 4.17636351e-03
 4.15148556e-03 4.12736195e-03 4.02309582e-03 3.99523522e-03
 3.91617277e-03 3.81866581e-03 3.78092753e-03 3.73067132e-03
 3.70440231e-03 3.60318687e-03 3.52537423e-03 3.48368846e-03
 3.42828134e-03 3.36796101e-03 3.35254095e-03 3.30634887e-03
 3.22489902e-03 3.09938558e-03 3.07033901e-03 3.02988166e-03
 3.01841709e-03 2.98096815e-03 2.97384273e-03 2.95617037e-03
 2.92537464e-03 2.90944078e-03 2.89608483e-03 2.86644093e-03
 2.85754022e-03 2.85168300e-03 2.82956244e-03 2.82044895e-03
 2.79575920e-03 2.78892728e-03 2.78107969e-03 2.75791326e-03
 2.73396610e-03 2.72153362e-03 2.70002816e-03 2.68526399e-03
 2.67976272e-03 2.66652365e-03 2.65365849e-03 2.63714909e-03
 2.61866290e-03 2.60104291e-03 2.59582401e-03 2.58233353e-03
 2.56997387e-03 2.54764550e-03 2.53824462e-03 2.52732200e-03
 2.50839327e-03 2.49627376e-03 2.48643517e-03 2.47060604e-03
 2.45926681e-03 2.43601252e-03 2.42893637e-03 2.42053838e-03
 2.38581884e-03 2.37549603e-03 2.36666446e-03 2.36398108e-03
 2.35124115e-03 2.33809023e-03 2.32874520e-03 2.31398952e-03
 2.30391981e-03 2.28937408e-03 2.27445258e-03 2.26360518e-03
 2.26130877e-03 2.25224291e-03 2.23769856e-03 2.22604552e-03
 2.21776006e-03 2.20581045e-03 2.19163037e-03 2.18373943e-03
 2.17291360e-03 2.16416086e-03 2.15470750e-03 2.14655845e-03
 2.13839116e-03 2.12951135e-03 2.12767280e-03 2.11248531e-03
 2.10464014e-03 2.08987317e-03 2.08021695e-03 2.07606822e-03
 2.06646637e-03 2.05362555e-03 2.05020971e-03 2.03011206e-03
 2.02620628e-03 2.01896615e-03 2.00051165e-03 1.99055868e-03
 1.98936301e-03 1.97501329e-03 1.95586099e-03 1.93471978e-03
 1.92807269e-03 1.92659180e-03 1.90131082e-03 1.88708830e-03
 1.88073057e-03 1.87359228e-03 1.86359203e-03 1.84856341e-03
 1.83508964e-03 1.83312759e-03 1.81620907e-03 1.80398847e-03]
total explained variance_ratio
0.3568880964215561
shape of output features: (28281, 128)
shape of output dataframe:  (28281, 129)
program finished.
