dataset: erneg
threshold for p-value is set to  0.05
Using structural features: True
number of positive samples: 864
number of negative samples: 10315
hyper-parameters selected from randomized search:
{'random_state': 42, 'n_jobs': -1, 'n_estimators': 2277, 'min_samples_split': 8, 'min_samples_leaf': 8, 'max_features': None, 'max_depth': 150, 'criterion': 'entropy', 'class_weight': 'balanced', 'bootstrap': False}
training the random forest...
training finished.
training accuracy: 0.8257855305825785
number of correct predictions: 1638
validation accuracy: 0.7325581395348837
validation precision: 0.118491921005386
validation recall: 0.3815028901734104
validation mcc: 0.08864853560679002
validation f1: 0.18082191780821916
validation confusion matrix: [[1572  491]
 [ 107   66]]
--------------------------------------------------
training the random forest...
training finished.
training accuracy: 0.8336128815833613
number of correct predictions: 1669
validation accuracy: 0.7464221824686941
validation precision: 0.13108614232209737
validation recall: 0.4046242774566474
validation mcc: 0.11261398876335828
validation f1: 0.198019801980198
validation confusion matrix: [[1599  464]
 [ 103   70]]
--------------------------------------------------
training the random forest...
training finished.
training accuracy: 0.8234373252823437
number of correct predictions: 1634
validation accuracy: 0.7307692307692307
validation precision: 0.1256544502617801
validation recall: 0.4161849710982659
validation mcc: 0.10608033335423056
validation f1: 0.19302949061662197
validation confusion matrix: [[1562  501]
 [ 101   72]]
--------------------------------------------------
training the random forest...
training finished.
training accuracy: 0.8255618919825561
number of correct predictions: 1671
validation accuracy: 0.7473166368515206
validation precision: 0.13432835820895522
validation recall: 0.4161849710982659
validation mcc: 0.11970497810243165
validation f1: 0.20310296191819466
validation confusion matrix: [[1599  464]
 [ 101   72]]
--------------------------------------------------
training the random forest...
training finished.
training accuracy: 0.8291592128801432
number of correct predictions: 1665
validation accuracy: 0.7449664429530202
validation precision: 0.11730769230769231
validation recall: 0.3546511627906977
validation mcc: 0.08336408135466074
validation f1: 0.1763005780346821
validation confusion matrix: [[1604  459]
 [ 111   61]]
--------------------------------------------------
averaged training accuracy: 0.8275113684621965
averaged validation accuracy: 0.7404065265154699
averaged validation precision: 0.1253737128211822
averaged validation recall: 0.39462965452345744
averaged validation MCC: 0.10208238343629425
            feature  importance_0  ...  importance_3  importance_4
0          aromatic      0.000000  ...      0.000000      0.000000
1       blosum62_mu     -0.012970  ...      0.002683     -0.005817
2       blosum62_wt     -0.006708  ...     -0.008945      0.000000
3              coil      0.024597  ...      0.017442      0.027293
4        confidence      0.027728  ...      0.013417      0.013423
5              core      0.001342  ...      0.000000      0.009396
6    diseases_score      0.008050  ...      0.011628      0.005369
7    disgenet_score      0.036225  ...      0.032200      0.004922
8           entropy      0.024150  ...      0.019231      0.017450
9          gene_exp      0.002683  ...      0.008945      0.000895
10              hbo      0.000447  ...      0.003131     -0.000447
11            helix     -0.000894  ...     -0.006708     -0.000895
12      hydrophobic      0.002236  ...      0.000000     -0.000895
13        interface     -0.004025  ...      0.004472     -0.001342
14  malacards_score      0.001789  ...     -0.000447      0.000447
15     mutant_value     -0.019678  ...      0.019231      0.004922
16              nis     -0.000447  ...      0.002683      0.002685
17              sbr      0.000447  ...      0.000000      0.000000
18            sheet     -0.000447  ...     -0.004025     -0.001790
19   wildtype_value     -0.004025  ...      0.004472     -0.006711

[20 rows x 6 columns]
    importance_0  importance_1  importance_2  importance_3  importance_4
0       0.000000      0.000000      0.000000      0.000000      0.000000
1      -0.012970     -0.002683      0.000000      0.002683     -0.005817
2      -0.006708     -0.000894     -0.007156     -0.008945      0.000000
3       0.024597      0.007156      0.001789      0.017442      0.027293
4       0.027728      0.011181      0.010286      0.013417      0.013423
5       0.001342      0.004025      0.003578      0.000000      0.009396
6       0.008050      0.023256      0.000894      0.011628      0.005369
7       0.036225      0.025939      0.020572      0.032200      0.004922
8       0.024150     -0.003578     -0.007603      0.019231      0.017450
9       0.002683      0.020572      0.013864      0.008945      0.000895
10      0.000447      0.002683      0.000000      0.003131     -0.000447
11     -0.000894      0.002236      0.000447     -0.006708     -0.000895
12      0.002236      0.000000      0.002236      0.000000     -0.000895
13     -0.004025      0.000000      0.001789      0.004472     -0.001342
14      0.001789     -0.001789      0.001789     -0.000447      0.000447
15     -0.019678     -0.005367      0.004025      0.019231      0.004922
16     -0.000447      0.007603     -0.001342      0.002683      0.002685
17      0.000447      0.000894      0.000000      0.000000      0.000000
18     -0.000447      0.001789      0.004025     -0.004025     -0.001790
19     -0.004025     -0.006708     -0.004025      0.004472     -0.006711
            feature  importance_0  ...  avg_importance  std_importance
0          aromatic      0.000000  ...        0.000000        0.000000
1       blosum62_mu     -0.012970  ...       -0.003757        0.006039
2       blosum62_wt     -0.006708  ...       -0.004741        0.004020
3              coil      0.024597  ...        0.015655        0.010990
4        confidence      0.027728  ...        0.015207        0.007134
5              core      0.001342  ...        0.003668        0.003599
6    diseases_score      0.008050  ...        0.009839        0.008462
7    disgenet_score      0.036225  ...        0.023972        0.012209
8           entropy      0.024150  ...        0.009930        0.014449
9          gene_exp      0.002683  ...        0.009392        0.008100
10              hbo      0.000447  ...        0.001163        0.001631
11            helix     -0.000894  ...       -0.001163        0.003356
12      hydrophobic      0.002236  ...        0.000715        0.001435
13        interface     -0.004025  ...        0.000179        0.003203
14  malacards_score      0.001789  ...        0.000358        0.001530
15     mutant_value     -0.019678  ...        0.000627        0.014355
16              nis     -0.000447  ...        0.002236        0.003507
17              sbr      0.000447  ...        0.000268        0.000400
18            sheet     -0.000447  ...       -0.000090        0.003121
19   wildtype_value     -0.004025  ...       -0.003400        0.004601

[20 rows x 8 columns]
            feature  avg_importance  std_importance
7    disgenet_score        0.023972        0.012209
3              coil        0.015655        0.010990
4        confidence        0.015207        0.007134
8           entropy        0.009930        0.014449
6    diseases_score        0.009839        0.008462
9          gene_exp        0.009392        0.008100
5              core        0.003668        0.003599
16              nis        0.002236        0.003507
10              hbo        0.001163        0.001631
12      hydrophobic        0.000715        0.001435
15     mutant_value        0.000627        0.014355
14  malacards_score        0.000358        0.001530
17              sbr        0.000268        0.000400
13        interface        0.000179        0.003203
0          aromatic        0.000000        0.000000
18            sheet       -0.000090        0.003121
11            helix       -0.001163        0.003356
19   wildtype_value       -0.003400        0.004601
1       blosum62_mu       -0.003757        0.006039
2       blosum62_wt       -0.004741        0.004020
['disgenet_score', 'coil', 'confidence', 'entropy', 'diseases_score', 'gene_exp', 'core', 'nis', 'hbo', 'hydrophobic', 'mutant_value', 'malacards_score', 'sbr', 'interface', 'aromatic', 'sheet', 'helix', 'wildtype_value', 'blosum62_mu', 'blosum62_wt']
[0.023971817683383145, 0.01565539293961331, 0.015206925117959912, 0.009930004442256668, 0.00983947845505515, 0.009391851060338663, 0.003668103396525413, 0.0022363760790481634, 0.0011627506773441044, 0.0007154834656005304, 0.0006265582916121337, 0.00035782177346093124, 0.0002683363148479279, 0.00017877081557433617, 0.0, -8.960551960397467e-05, -0.0011628707383350757, -0.00339952695969552, -0.003757228672165458, -0.004740608228980347]
[0.012208525572330538, 0.010989919703433191, 0.007134264689616715, 0.014449291386181702, 0.008461618358439891, 0.008099523963014927, 0.003599002349032175, 0.0035072805200701464, 0.0016310496097486256, 0.0014354258792730436, 0.014355391157967896, 0.0015297552868837499, 0.00040001216055450187, 0.003203292106816279, 0.0, 0.003121101165770672, 0.0033556863660239894, 0.004600679857693578, 0.006038616897441216, 0.004020072460508795]
