dataset: erpos
threshold for p-value is set to  0.05
Using structual features: True
       wildtype_value  mutant_value  ...  sheet  classification_result
0                0.13          0.13  ...      0                      0
1                0.07          0.07  ...      0                      0
2                0.08          0.08  ...      0                      0
3                0.03          0.01  ...      0                      0
4                0.04          0.12  ...      0                      0
5                0.05          0.00  ...      0                      0
6                0.88          0.88  ...      0                      0
7                0.18          0.18  ...      1                      0
8                0.17          0.17  ...      1                      0
9                0.04          0.13  ...      0                      0
10               0.19          0.19  ...      0                      1
11               0.10          0.11  ...      0                      0
12               0.60          0.60  ...      0                      0
13               0.19          0.19  ...      0                      0
14               0.90          0.90  ...      1                      1
15               0.22          0.09  ...      0                      0
16               0.02          0.01  ...      0                      0
17               0.19          0.19  ...      1                      0
18               0.18          0.18  ...      0                      0
19               0.92          0.92  ...      0                      0
20               0.06          0.07  ...      0                      0
21               0.28          0.28  ...      1                      0
22               0.07          0.08  ...      0                      0
23               0.66          0.66  ...      1                      0
24               0.08          0.06  ...      1                      0
25               0.94          0.94  ...      1                      0
26               0.22          0.22  ...      0                      0
27               0.07          0.07  ...      0                      0
28               0.04          0.04  ...      0                      0
29               1.00          1.00  ...      0                      0
...               ...           ...  ...    ...                    ...
11150            0.37          0.37  ...      0                      1
11151            0.63          0.15  ...      0                      0
11152            0.06          0.06  ...      0                      0
11153            0.06          0.03  ...      0                      0
11154            0.38          0.09  ...      0                      0
11155            0.13          0.00  ...      0                      1
11156            0.66          0.66  ...      0                      1
11157            0.16          0.03  ...      0                      0
11158            0.48          0.07  ...      1                      0
11159            0.16          0.16  ...      0                      1
11160            0.28          0.28  ...      0                      0
11161            0.21          0.05  ...      0                      1
11162            0.53          0.53  ...      0                      0
11163            0.48          0.48  ...      0                      0
11164            0.04          0.04  ...      0                      1
11165            0.20          0.40  ...      0                      1
11166            0.51          0.07  ...      0                      0
11167            0.32          0.32  ...      0                      1
11168            0.20          0.00  ...      0                      0
11169            0.22          0.01  ...      1                      0
11170            0.05          0.01  ...      0                      0
11171            0.08          0.08  ...      0                      0
11172            0.69          0.69  ...      0                      0
11173            0.08          0.08  ...      0                      0
11174            0.69          0.69  ...      0                      0
11175            0.27          0.27  ...      0                      0
11176            0.08          0.08  ...      0                      1
11177            0.05          0.95  ...      0                      0
11178            0.00          0.00  ...      0                      0
11179            0.86          0.86  ...      0                      0

[11180 rows x 21 columns]
number of positive samples: 1320
number of negative samples: 9860
hyper-parameters selected from randomized search:
{'random_state': 42, 'n_jobs': -1, 'n_estimators': 1388, 'min_samples_split': 10, 'min_samples_leaf': 8, 'max_features': None, 'max_depth': 117, 'criterion': 'entropy', 'class_weight': 'balanced', 'bootstrap': False}
training the random forest...
training finished.
training accuracy: 0.8076923076923077
number of correct predictions: 1566
validation accuracy: 0.7003577817531306
validation precision: 0.19519519519519518
validation recall: 0.49242424242424243
validation mcc: 0.1556722949267977
validation f1: 0.27956989247311825
validation confusion matrix: [[1436  536]
 [ 134  130]]
--------------------------------------------------
training the random forest...
training finished.
training accuracy: 0.806015205724508
number of correct predictions: 1564
validation accuracy: 0.6994633273703041
validation precision: 0.19184290030211482
validation recall: 0.4810606060606061
validation mcc: 0.14826948150061042
validation f1: 0.27429805615550756
validation confusion matrix: [[1437  535]
 [ 137  127]]
--------------------------------------------------
training the random forest...
training finished.
training accuracy: 0.8036672629695886
number of correct predictions: 1541
validation accuracy: 0.6891771019677997
validation precision: 0.18448023426061494
validation recall: 0.4772727272727273
validation mcc: 0.13648635510011511
validation f1: 0.26610348468849
validation confusion matrix: [[1415  557]
 [ 138  126]]
--------------------------------------------------
training the random forest...
training finished.
training accuracy: 0.8047853309481217
number of correct predictions: 1549
validation accuracy: 0.6927549194991055
validation precision: 0.18195488721804512
validation recall: 0.4583333333333333
validation mcc: 0.12881041662335427
validation f1: 0.2604951560818084
validation confusion matrix: [[1428  544]
 [ 143  121]]
--------------------------------------------------
training the random forest...
training finished.
training accuracy: 0.8173076923076923
number of correct predictions: 1595
validation accuracy: 0.7133273703041145
validation precision: 0.18425460636515914
validation recall: 0.4166666666666667
validation mcc: 0.12378964682090396
validation f1: 0.25551684088269455
validation confusion matrix: [[1485  487]
 [ 154  110]]
--------------------------------------------------
averaged training accuracy: 0.8078935599284437
averaged validation accuracy: 0.6990161001788909
averaged validation precision: 0.18754556466822583
averaged validation recall: 0.46515151515151515
averaged validation MCC: 0.1386056389943563
