dataset: erneg
threshold for p-value is set to  0.05
use gene expression feature: False
       wildtype_value  mutant_value  ...  malacards_score  classification_result
0                0.13          0.13  ...            27.04                      0
1                0.07          0.07  ...             0.00                      0
2                0.08          0.08  ...             0.00                      0
3                0.03          0.01  ...             0.00                      0
4                0.04          0.12  ...             0.00                      1
5                0.05          0.00  ...             0.00                      0
6                0.88          0.88  ...             0.00                      0
7                0.18          0.18  ...             0.00                      0
8                0.17          0.17  ...             0.00                      0
9                0.04          0.13  ...             0.00                      0
10               0.19          0.19  ...             0.00                      1
11               0.10          0.11  ...             0.00                      0
12               0.60          0.60  ...             0.00                      0
13               0.19          0.19  ...             0.00                      0
14               0.90          0.90  ...             0.00                      0
15               0.22          0.09  ...             0.00                      0
16               0.02          0.01  ...             0.00                      0
17               0.19          0.19  ...             0.00                      0
18               0.18          0.18  ...             0.00                      0
19               0.92          0.92  ...             0.00                      0
20               0.06          0.07  ...             0.00                      1
21               0.28          0.28  ...             0.00                      0
22               0.07          0.08  ...             0.00                      0
23               0.66          0.66  ...             0.00                      0
24               0.08          0.06  ...             0.00                      0
25               0.94          0.94  ...             0.00                      0
26               0.22          0.22  ...             0.00                      0
27               0.07          0.07  ...             0.00                      0
28               0.04          0.04  ...             0.00                      0
29               1.00          1.00  ...             0.00                      1
...               ...           ...  ...              ...                    ...
11149            0.37          0.37  ...             0.00                      0
11150            0.63          0.15  ...             0.00                      0
11151            0.06          0.06  ...             0.00                      0
11152            0.06          0.03  ...             0.00                      0
11153            0.38          0.09  ...             0.00                      0
11154            0.13          0.00  ...             0.00                      1
11155            0.66          0.66  ...             0.00                      1
11156            0.16          0.03  ...             0.00                      0
11157            0.48          0.07  ...             0.00                      0
11158            0.16          0.16  ...             0.00                      1
11159            0.28          0.28  ...             0.00                      0
11160            0.21          0.05  ...             0.00                      1
11161            0.53          0.53  ...             0.00                      0
11162            0.48          0.48  ...             0.00                      0
11163            0.04          0.04  ...             0.00                      1
11164            0.20          0.40  ...             0.00                      1
11165            0.51          0.07  ...             0.00                      0
11166            0.32          0.32  ...             0.00                      1
11167            0.20          0.00  ...             0.00                      0
11168            0.22          0.01  ...             0.00                      0
11169            0.05          0.01  ...             0.00                      0
11170            0.08          0.08  ...             0.00                      0
11171            0.69          0.69  ...             0.00                      0
11172            0.08          0.08  ...             0.00                      0
11173            0.69          0.69  ...             0.00                      0
11174            0.27          0.27  ...             0.00                      0
11175            0.08          0.08  ...             0.00                      0
11176            0.05          0.95  ...             0.00                      0
11177            0.00          0.00  ...             0.00                      0
11178            0.86          0.86  ...             0.00                      0

[11179 rows x 20 columns]
number of positive samples: 864
number of negative samples: 10315
hyper-parameters selected from randomized search:
{'random_state': 42, 'n_jobs': -1, 'n_estimators': 2277, 'min_samples_split': 8, 'min_samples_leaf': 8, 'max_features': None, 'max_depth': 150, 'criterion': 'entropy', 'class_weight': 'balanced', 'bootstrap': False}
training the random forest...
training finished.
training accuracy: 0.823549144582355
number of correct predictions: 1641
validation accuracy: 0.7338998211091234
validation precision: 0.11070110701107011
validation recall: 0.3468208092485549
validation mcc: 0.07056475683866222
validation f1: 0.16783216783216784
validation confusion matrix: [[1581  482]
 [ 113   60]]
--------------------------------------------------
training the random forest...
training finished.
training accuracy: 0.8269037235826904
number of correct predictions: 1611
validation accuracy: 0.7204830053667263
validation precision: 0.11433447098976109
validation recall: 0.3872832369942196
validation mcc: 0.08244928461550764
validation f1: 0.17654808959156784
validation confusion matrix: [[1544  519]
 [ 106   67]]
--------------------------------------------------
training the random forest...
training finished.
training accuracy: 0.8134854075813486
number of correct predictions: 1603
validation accuracy: 0.7169051878354203
validation precision: 0.12418300653594772
validation recall: 0.4393063583815029
validation mcc: 0.10755870018216124
validation f1: 0.19363057324840766
validation confusion matrix: [[1527  536]
 [  97   76]]
--------------------------------------------------
training the random forest...
training finished.
training accuracy: 0.8293637481829363
number of correct predictions: 1700
validation accuracy: 0.7602862254025045
validation precision: 0.14619883040935672
validation recall: 0.43352601156069365
validation mcc: 0.14056708810189422
validation f1: 0.21865889212827988
validation confusion matrix: [[1625  438]
 [  98   75]]
--------------------------------------------------
training the random forest...
training finished.
training accuracy: 0.8226744186046512
number of correct predictions: 1610
validation accuracy: 0.7203579418344519
validation precision: 0.116751269035533
validation recall: 0.4011627906976744
validation mcc: 0.08952032698852873
validation f1: 0.18086500655307997
validation confusion matrix: [[1541  522]
 [ 103   69]]
--------------------------------------------------
averaged training accuracy: 0.8231952885067962
averaged validation accuracy: 0.7303864363096453
averaged validation precision: 0.12243373679633372
averaged validation recall: 0.4016198413765291
averaged validation MCC: 0.09813203134535081
