dataset: nih
threshold for p-value is set to  0.05
use gene expression feature: True
      wildtype_value  mutant_value  ...  gene_exp  classification_result
0               0.08          0.08  ...         0                      0
1               0.88          0.88  ...         0                      0
2               0.10          0.11  ...         0                      0
3               0.19          0.19  ...         0                      0
4               0.09          0.09  ...         0                      0
5               0.09          0.09  ...         0                      0
6               0.09          0.09  ...         0                      0
7               0.92          0.92  ...         0                      0
8               0.14          0.07  ...         0                      0
9               0.14          0.08  ...         0                      0
10              0.14          0.07  ...         0                      0
11              0.14          0.08  ...         0                      0
12              0.39          0.39  ...         0                      0
13              0.38          0.38  ...         0                      0
14              0.39          0.39  ...         0                      0
15              0.38          0.38  ...         0                      0
16              0.38          0.38  ...         0                      0
17              0.13          0.06  ...         0                      0
18              0.04          0.04  ...         0                      0
19              0.05          0.05  ...         0                      0
20              0.05          0.05  ...         0                      0
21              0.04          0.04  ...         0                      0
22              0.07          0.07  ...         0                      0
23              0.07          0.07  ...         0                      0
24              0.04          0.04  ...         0                      0
25              0.05          0.05  ...         0                      0
26              0.05          0.05  ...         0                      0
27              0.23          0.23  ...         0                      0
28              0.03          0.03  ...         0                      0
29              0.23          0.23  ...         0                      0
...              ...           ...  ...       ...                    ...
4235            0.68          0.68  ...         0                      1
4236            0.68          0.68  ...         0                      1
4237            0.68          0.68  ...         0                      1
4238            0.68          0.68  ...         0                      1
4239            0.41          0.41  ...         0                      0
4240            0.41          0.41  ...         0                      0
4241            0.41          0.41  ...         0                      0
4242            0.41          0.41  ...         0                      0
4243            0.41          0.41  ...         0                      0
4244            0.41          0.41  ...         0                      0
4245            0.41          0.41  ...         0                      0
4246            0.41          0.41  ...         0                      0
4247            0.41          0.41  ...         0                      0
4248            0.41          0.41  ...         0                      0
4249            0.68          0.68  ...         0                      1
4250            0.68          0.68  ...         0                      1
4251            0.68          0.68  ...         0                      1
4252            0.68          0.68  ...         0                      1
4253            0.68          0.68  ...         0                      1
4254            0.68          0.68  ...         0                      1
4255            0.68          0.68  ...         0                      1
4256            0.68          0.68  ...         0                      1
4257            0.68          0.68  ...         0                      1
4258            0.68          0.68  ...         0                      1
4259            0.00          0.01  ...         0                      0
4260            0.00          0.01  ...         0                      0
4261            0.06          0.06  ...         0                      0
4262            0.32          0.32  ...         0                      1
4263            0.07          0.00  ...         1                      0
4264            0.50          0.50  ...         0                      0

[4265 rows x 21 columns]
number of positive samples: 475
number of negative samples: 3790
hyper-parameters selected from randomized search:
{'random_state': 42, 'n_jobs': -1, 'n_estimators': 1611, 'min_samples_split': 2, 'min_samples_leaf': 2, 'max_features': None, 'max_depth': 85, 'criterion': 'gini', 'class_weight': 'balanced', 'bootstrap': True}
training the random forest...
training finished.
training accuracy: 0.9991207502930832
number of correct predictions: 823
validation accuracy: 0.9648300117233294
validation precision: 0.9710144927536232
validation recall: 0.7052631578947368
validation mcc: 0.810657120503793
validation f1: 0.8170731707317074
validation confusion matrix: [[756   2]
 [ 28  67]]
--------------------------------------------------
training the random forest...
training finished.
training accuracy: 0.9985345838218054
number of correct predictions: 832
validation accuracy: 0.9753810082063306
validation precision: 0.9625
validation recall: 0.8105263157894737
validation mcc: 0.8703680478627401
validation f1: 0.88
validation confusion matrix: [[755   3]
 [ 18  77]]
--------------------------------------------------
training the random forest...
training finished.
training accuracy: 0.9997069167643611
number of correct predictions: 823
validation accuracy: 0.9648300117233294
validation precision: 0.9850746268656716
validation recall: 0.6947368421052632
validation mcc: 0.8108538435132366
validation f1: 0.8148148148148148
validation confusion matrix: [[757   1]
 [ 29  66]]
--------------------------------------------------
training the random forest...
training finished.
training accuracy: 0.9991207502930832
number of correct predictions: 820
validation accuracy: 0.9613130128956624
validation precision: 0.9558823529411765
validation recall: 0.6842105263157895
validation mcc: 0.7900915593526471
validation f1: 0.7975460122699386
validation confusion matrix: [[755   3]
 [ 30  65]]
--------------------------------------------------
training the random forest...
training finished.
training accuracy: 0.9988276670574443
number of correct predictions: 824
validation accuracy: 0.9660023446658851
validation precision: 0.9714285714285714
validation recall: 0.7157894736842105
validation mcc: 0.817425102183673
validation f1: 0.8242424242424242
validation confusion matrix: [[756   2]
 [ 27  68]]
--------------------------------------------------
averaged training accuracy: 0.9990621336459554
averaged validation accuracy: 0.9664712778429073
averaged validation precision: 0.9691800087978085
averaged validation recall: 0.7221052631578947
averaged validation MCC: 0.8198791346832179
