dataset: erneg
Using structural features: True
hyper-parameters selected from randomized search:
{'random_state': 42, 'n_jobs': -1, 'n_estimators': 1500, 'min_samples_split': 0.05, 'min_samples_leaf': 0.4, 'max_features': 'auto', 'max_depth': 5, 'criterion': 'mse', 'bootstrap': True}
training the random forest...
training finished.
mean squared error for training:  0.05277967191113927
r2 score for training:  0.4089305588124663
mean squared error for validation:  0.08140043443245772
r2 score for validation: 0.08623891752686053
--------------------------------------------------
training the random forest...
training finished.
mean squared error for training:  0.052920287300459314
r2 score for training:  0.40808266658576253
mean squared error for validation:  0.08153477890767377
r2 score for validation: 0.07933889438047903
--------------------------------------------------
training the random forest...
training finished.
mean squared error for training:  0.05313421879205529
r2 score for training:  0.40573531736828927
mean squared error for validation:  0.08037149183409865
r2 score for validation: 0.09095679373689347
--------------------------------------------------
training the random forest...
training finished.
mean squared error for training:  0.05263228322585857
r2 score for training:  0.4112755046757288
mean squared error for validation:  0.08236103692803387
r2 score for validation: 0.07062201595641981
--------------------------------------------------
training the random forest...
training finished.
mean squared error for training:  0.05272108857186275
r2 score for training:  0.40585850269460866
mean squared error for validation:  0.0829739657997482
r2 score for validation: 0.09142766683934045
--------------------------------------------------
averaged training mse: 0.05283750996027504
averaged training r2 score: 0.4079765100273711
averaged validation mse: 0.08172834158040244
averaged validation r2 score: 0.08371685768799866
            feature  importance_0  ...  importance_3  importance_4
0          aromatic      0.000442  ...      0.000205      0.000152
1       blosum62_mu      0.013047  ...      0.020248      0.022656
2       blosum62_wt      0.008226  ...      0.009957      0.007933
3              coil      0.003760  ...      0.001241      0.000357
4        confidence      0.025230  ...      0.011044      0.023972
5              core      0.003190  ...      0.002613      0.002810
6    diseases_score      0.026227  ...      0.012336      0.017189
7    disgenet_score      0.026048  ...      0.019459      0.025409
8           entropy      0.030001  ...      0.029043      0.029632
9          gene_exp      0.012606  ...      0.010597      0.011747
10              hbo      0.005080  ...      0.005270      0.007348
11            helix      0.009468  ...      0.010499      0.010793
12      hydrophobic      0.002870  ...      0.002449      0.001899
13        interface      0.012448  ...      0.021415      0.015383
14  malacards_score      0.000163  ...      0.000282     -0.000157
15     mutant_value      0.019983  ...      0.017716      0.018963
16              nis      0.001983  ...      0.001736      0.003130
17              sbr      0.002409  ...      0.003527      0.002194
18            sheet      0.005618  ...      0.009169      0.004427
19   wildtype_value      0.028828  ...      0.020424      0.016178

[20 rows x 6 columns]
    importance_0  importance_1  importance_2  importance_3  importance_4
0       0.000442     -0.000307      0.000909      0.000205      0.000152
1       0.013047      0.016865      0.019573      0.020248      0.022656
2       0.008226      0.007837      0.006943      0.009957      0.007933
3       0.003760      0.005298      0.004656      0.001241      0.000357
4       0.025230      0.024275      0.020905      0.011044      0.023972
5       0.003190      0.001631      0.001221      0.002613      0.002810
6       0.026227      0.010773      0.020589      0.012336      0.017189
7       0.026048      0.023774      0.025102      0.019459      0.025409
8       0.030001      0.033297      0.026225      0.029043      0.029632
9       0.012606      0.011581      0.013001      0.010597      0.011747
10      0.005080      0.007467      0.006786      0.005270      0.007348
11      0.009468      0.011425      0.005536      0.010499      0.010793
12      0.002870      0.001948      0.002128      0.002449      0.001899
13      0.012448      0.015820      0.015095      0.021415      0.015383
14      0.000163      0.000468      0.000369      0.000282     -0.000157
15      0.019983      0.017007      0.024953      0.017716      0.018963
16      0.001983      0.002404      0.001596      0.001736      0.003130
17      0.002409      0.003723      0.007190      0.003527      0.002194
18      0.005618      0.008225      0.001435      0.009169      0.004427
19      0.028828      0.020749      0.018128      0.020424      0.016178
            feature  importance_0  ...  avg_importance  std_importance
0          aromatic      0.000442  ...        0.000280        0.000444
1       blosum62_mu      0.013047  ...        0.018478        0.003670
2       blosum62_wt      0.008226  ...        0.008179        0.001103
3              coil      0.003760  ...        0.003062        0.002160
4        confidence      0.025230  ...        0.021085        0.005842
5              core      0.003190  ...        0.002293        0.000831
6    diseases_score      0.026227  ...        0.017423        0.006279
7    disgenet_score      0.026048  ...        0.023958        0.002648
8           entropy      0.030001  ...        0.029640        0.002526
9          gene_exp      0.012606  ...        0.011906        0.000940
10              hbo      0.005080  ...        0.006390        0.001141
11            helix      0.009468  ...        0.009544        0.002349
12      hydrophobic      0.002870  ...        0.002259        0.000404
13        interface      0.012448  ...        0.016032        0.003285
14  malacards_score      0.000163  ...        0.000225        0.000241
15     mutant_value      0.019983  ...        0.019724        0.003139
16              nis      0.001983  ...        0.002170        0.000618
17              sbr      0.002409  ...        0.003809        0.002005
18            sheet      0.005618  ...        0.005775        0.003090
19   wildtype_value      0.028828  ...        0.020862        0.004824

[20 rows x 8 columns]
            feature  avg_importance  std_importance
8           entropy        0.029640        0.002526
7    disgenet_score        0.023958        0.002648
4        confidence        0.021085        0.005842
19   wildtype_value        0.020862        0.004824
15     mutant_value        0.019724        0.003139
1       blosum62_mu        0.018478        0.003670
6    diseases_score        0.017423        0.006279
13        interface        0.016032        0.003285
9          gene_exp        0.011906        0.000940
11            helix        0.009544        0.002349
2       blosum62_wt        0.008179        0.001103
10              hbo        0.006390        0.001141
18            sheet        0.005775        0.003090
17              sbr        0.003809        0.002005
3              coil        0.003062        0.002160
5              core        0.002293        0.000831
12      hydrophobic        0.002259        0.000404
16              nis        0.002170        0.000618
0          aromatic        0.000280        0.000444
14  malacards_score        0.000225        0.000241
['entropy', 'disgenet_score', 'confidence', 'wildtype_value', 'mutant_value', 'blosum62_mu', 'diseases_score', 'interface', 'gene_exp', 'helix', 'blosum62_wt', 'hbo', 'sheet', 'sbr', 'coil', 'core', 'hydrophobic', 'nis', 'aromatic', 'malacards_score']
[0.02963979046560483, 0.023958412611989388, 0.021085188678741894, 0.020861561021205444, 0.019724355449073406, 0.018477660597720803, 0.017422899098197987, 0.01603226424507531, 0.011906384849511786, 0.00954411931893817, 0.008179231731815362, 0.006390274295960533, 0.005775057505517034, 0.003808692700394395, 0.003062341449354847, 0.002293269350120819, 0.0022587401803310313, 0.002169753014147838, 0.00028011708831705286, 0.00022512975096580234]
[0.002526214741187059, 0.0026483180608242738, 0.005842392354819058, 0.004823894102848009, 0.003138647110914562, 0.0036701570957518295, 0.006278809599898991, 0.0032852093212619804, 0.000939966156769444, 0.002349398740932501, 0.0011030399664418728, 0.0011405434367626477, 0.0030903639602801476, 0.0020052326063667286, 0.002160263161096078, 0.0008307800135515975, 0.00040404820511926766, 0.000618390987161128, 0.00044374257091087024, 0.00024121509962258544]
