dataset: erneg
Using structural features: True
max of neg-log p_values: 22.38452349811031
min of neg-log p_values: 0.00010000500033334731
max of p_values: 0.9999
min of p_values: 1.8989999999999996e-10
[0.5167 0.931  0.9697 ... 0.6962 0.6947 0.7337]
hyper-parameters selected from randomized search:
{'random_state': 42, 'n_jobs': -1, 'n_estimators': 1500, 'min_samples_split': 0.05, 'min_samples_leaf': 0.4, 'max_features': 'auto', 'max_depth': 5, 'criterion': 'mse', 'bootstrap': True}
training the random forest...
training finished.
mean squared error for training:  0.05277967191113927
r2 score for training:  0.4089305588124663
mean squared error for validation:  0.08140043443245772
r2 score for validation: 0.08623891752686053
--------------------------------------------------
training the random forest...
training finished.
mean squared error for training:  0.052920287300459314
r2 score for training:  0.40808266658576253
mean squared error for validation:  0.08153477890767376
r2 score for validation: 0.07933889438047925
--------------------------------------------------
training the random forest...
training finished.
mean squared error for training:  0.053134218792055286
r2 score for training:  0.40573531736828927
mean squared error for validation:  0.08037149183409864
r2 score for validation: 0.09095679373689358
--------------------------------------------------
training the random forest...
training finished.
mean squared error for training:  0.05263228322585856
r2 score for training:  0.41127550467572893
mean squared error for validation:  0.08236103692803386
r2 score for validation: 0.07062201595641993
--------------------------------------------------
training the random forest...
training finished.
mean squared error for training:  0.052721088571862744
r2 score for training:  0.40585850269460877
mean squared error for validation:  0.08297396579974818
r2 score for validation: 0.09142766683934056
--------------------------------------------------
averaged training mse: 0.05283750996027504
averaged training r2 score: 0.4079765100273712
averaged validation mse: 0.08172834158040243
averaged validation r2 score: 0.08371685768799877
                                             feature  ...  importance_4
0                   core\nnis\ninterface\nconfidence  ...      0.047066
1  diseases_score\ndisgenet_score\nmalacards_scor...  ...      0.050128
2                    hbo\nsbr\naromatic\nhydrophobic  ...      0.012028
3                                 helix\ncoil\nsheet  ...      0.025663
4  wildtype_value\nmutant_value\nblosum62_mu\nblo...  ...      0.086093

[5 rows x 6 columns]
   importance_0  importance_1  importance_2  importance_3  importance_4
0      0.044026      0.051150      0.051956      0.037433      0.047066
1      0.058662      0.043427      0.056066      0.041085      0.050128
2      0.008373      0.013473      0.018352      0.009817      0.012028
3      0.021355      0.025770      0.015787      0.020527      0.025663
4      0.079261      0.074333      0.083748      0.071415      0.086093
                                             feature  ...  std_importance
0                   core\nnis\ninterface\nconfidence  ...        0.005914
1  diseases_score\ndisgenet_score\nmalacards_scor...  ...        0.007656
2                    hbo\nsbr\naromatic\nhydrophobic  ...        0.003860
3                                 helix\ncoil\nsheet  ...        0.004143
4  wildtype_value\nmutant_value\nblosum62_mu\nblo...  ...        0.006169

[5 rows x 8 columns]
                                             feature  ...  std_importance
4  wildtype_value\nmutant_value\nblosum62_mu\nblo...  ...        0.006169
1  diseases_score\ndisgenet_score\nmalacards_scor...  ...        0.007656
0                   core\nnis\ninterface\nconfidence  ...        0.005914
3                                 helix\ncoil\nsheet  ...        0.004143
2                    hbo\nsbr\naromatic\nhydrophobic  ...        0.003860

[5 rows x 3 columns]
['wildtype_value\nmutant_value\nblosum62_mu\nblosum62_wt\nentropy', 'diseases_score\ndisgenet_score\nmalacards_score\ngene_exp', 'core\nnis\ninterface\nconfidence', 'helix\ncoil\nsheet', 'hbo\nsbr\naromatic\nhydrophobic']
[0.07897012367514566, 0.0498735347079204, 0.04632643668013707, 0.021820431083624525, 0.012408320090835988]
[0.006169180715431579, 0.007655804617796871, 0.005913880068858357, 0.004142806990913334, 0.0038601276428044656]
