dataset: erpos
Using structural features: True
max of neg-log p_values: 44.372551335035496
min of neg-log p_values: -0.0
max of p_values: 1.0
min of p_values: 5.361000000000092e-20
[0.5705 0.5036 0.4958 ... 0.693  0.6911 0.1552]
hyper-parameters selected from randomized search:
{'random_state': 42, 'n_jobs': -1, 'n_estimators': 611, 'min_samples_split': 0.08888888888888889, 'min_samples_leaf': 0.12777777777777777, 'max_features': 'sqrt', 'max_depth': 100, 'criterion': 'mse', 'bootstrap': True}
training the random forest...
training finished.
mean squared error for training:  0.05584282910978994
r2 score for training:  0.40641929685719036
mean squared error for validation:  0.08457028529224188
r2 score for validation: 0.08352883256101984
--------------------------------------------------
training the random forest...
training finished.
mean squared error for training:  0.05496878720045169
r2 score for training:  0.4103895945487561
mean squared error for validation:  0.08777766695400718
r2 score for validation: 0.08408068194546747
--------------------------------------------------
training the random forest...
training finished.
mean squared error for training:  0.056145136539615156
r2 score for training:  0.4029485819607609
mean squared error for validation:  0.08383167325548194
r2 score for validation: 0.09382501476418059
--------------------------------------------------
training the random forest...
training finished.
mean squared error for training:  0.05511522047203714
r2 score for training:  0.41278115240486657
mean squared error for validation:  0.08609914620179562
r2 score for validation: 0.07748144527398193
--------------------------------------------------
training the random forest...
training finished.
mean squared error for training:  0.05523318810922648
r2 score for training:  0.4095483703524885
mean squared error for validation:  0.08597770449221284
r2 score for validation: 0.0905877036469721
--------------------------------------------------
averaged training mse: 0.05546103228622408
averaged training r2 score: 0.40841739922481246
averaged validation mse: 0.0856512952391479
averaged validation r2 score: 0.08590073563832439
                                             feature  ...  importance_4
0  core\nnis\ninterface\nconfidence\nhbo\nsbr\nar...  ...      0.080842
1  diseases_score\ndisgenet_score\nmalacards_scor...  ...      0.050793
2  wildtype_value\nmutant_value\nblosum62_mu\nblo...  ...      0.092012

[3 rows x 6 columns]
   importance_0  importance_1  importance_2  importance_3  importance_4
0      0.082849      0.078466      0.083649      0.072210      0.080842
1      0.048495      0.040020      0.055390      0.046692      0.050793
2      0.079693      0.073045      0.097177      0.068210      0.092012
                                             feature  ...  std_importance
0  core\nnis\ninterface\nconfidence\nhbo\nsbr\nar...  ...        0.004593
1  diseases_score\ndisgenet_score\nmalacards_scor...  ...        0.005649
2  wildtype_value\nmutant_value\nblosum62_mu\nblo...  ...        0.012311

[3 rows x 8 columns]
                                             feature  ...  std_importance
2  wildtype_value\nmutant_value\nblosum62_mu\nblo...  ...        0.012311
0  core\nnis\ninterface\nconfidence\nhbo\nsbr\nar...  ...        0.004593
1  diseases_score\ndisgenet_score\nmalacards_scor...  ...        0.005649

[3 rows x 3 columns]
['wildtype_value\nmutant_value\nblosum62_mu\nblosum62_wt\nentropy', 'core\nnis\ninterface\nconfidence\nhbo\nsbr\naromatic\nhydrophobic\nhelix\ncoil\nsheet', 'diseases_score\ndisgenet_score\nmalacards_score\ngene_exp']
[0.08202721708220598, 0.0796031312222681, 0.04827799836310105]
[0.012311108995247634, 0.004593282287778557, 0.005649289779079396]
