dataset: erpos
Using structural features: True
hyper-parameters selected from randomized search:
{'random_state': 42, 'n_jobs': -1, 'n_estimators': 611, 'min_samples_split': 0.08888888888888889, 'min_samples_leaf': 0.12777777777777777, 'max_features': 'sqrt', 'max_depth': 100, 'criterion': 'mse', 'bootstrap': True}
training the random forest...
training finished.
mean squared error for training:  0.05584282910978993
r2 score for training:  0.40641929685719047
mean squared error for validation:  0.08457028529224189
r2 score for validation: 0.08352883256101973
--------------------------------------------------
training the random forest...
training finished.
mean squared error for training:  0.054968787200451695
r2 score for training:  0.4103895945487561
mean squared error for validation:  0.08777766695400718
r2 score for validation: 0.08408068194546747
--------------------------------------------------
training the random forest...
training finished.
mean squared error for training:  0.05614513653961516
r2 score for training:  0.4029485819607608
mean squared error for validation:  0.08383167325548194
r2 score for validation: 0.09382501476418059
--------------------------------------------------
training the random forest...
training finished.
mean squared error for training:  0.055115220472037145
r2 score for training:  0.41278115240486657
mean squared error for validation:  0.08609914620179562
r2 score for validation: 0.07748144527398193
--------------------------------------------------
training the random forest...
training finished.
mean squared error for training:  0.05523318810922647
r2 score for training:  0.4095483703524886
mean squared error for validation:  0.08597770449221284
r2 score for validation: 0.0905877036469721
--------------------------------------------------
averaged training mse: 0.05546103228622408
averaged training r2 score: 0.4084173992248125
averaged validation mse: 0.0856512952391479
averaged validation r2 score: 0.08590073563832437
            feature  importance_0  ...  importance_3  importance_4
0          aromatic     -0.000018  ...     -0.000118      0.000160
1       blosum62_mu      0.011840  ...      0.009556      0.009163
2       blosum62_wt      0.010872  ...      0.008177      0.014136
3              coil      0.001385  ...      0.002911      0.003450
4        confidence      0.036952  ...      0.029074      0.027885
5              core      0.002632  ...     -0.000811      0.002297
6    diseases_score      0.022294  ...      0.019628      0.027442
7    disgenet_score      0.025148  ...      0.024557      0.017853
8           entropy      0.031491  ...      0.023529      0.028603
9          gene_exp      0.000625  ...     -0.000084      0.000387
10              hbo      0.008066  ...      0.005669      0.006727
11            helix      0.009068  ...      0.010997      0.012585
12      hydrophobic      0.004775  ...      0.003005     -0.000060
13        interface      0.019076  ...      0.011797      0.015478
14  malacards_score      0.000851  ...     -0.000073      0.001109
15     mutant_value      0.024357  ...      0.011825      0.023796
16              nis      0.013342  ...      0.006594      0.006982
17              sbr      0.002759  ...      0.004995      0.003233
18            sheet      0.002640  ...      0.000182      0.002526
19   wildtype_value      0.015465  ...      0.020253      0.027822

[20 rows x 6 columns]
    importance_0  importance_1  importance_2  importance_3  importance_4
0      -0.000018      0.000059      0.000235     -0.000118      0.000160
1       0.011840      0.009743      0.012003      0.009556      0.009163
2       0.010872      0.009590      0.014346      0.008177      0.014136
3       0.001385      0.003846      0.005421      0.002911      0.003450
4       0.036952      0.032121      0.026824      0.029074      0.027885
5       0.002632      0.000591      0.003131     -0.000811      0.002297
6       0.022294      0.024031      0.028635      0.019628      0.027442
7       0.025148      0.017165      0.025859      0.024557      0.017853
8       0.031491      0.028263      0.034963      0.023529      0.028603
9       0.000625     -0.000330      0.000426     -0.000084      0.000387
10      0.008066      0.006579      0.008125      0.005669      0.006727
11      0.009068      0.013665      0.011085      0.010997      0.012585
12      0.004775      0.004796      0.004312      0.003005     -0.000060
13      0.019076      0.010968      0.014454      0.011797      0.015478
14      0.000851     -0.000030     -0.001453     -0.000073      0.001109
15      0.024357      0.022538      0.019469      0.011825      0.023796
16      0.013342      0.005496      0.011952      0.006594      0.006982
17      0.002759      0.003271      0.003656      0.004995      0.003233
18      0.002640      0.007106      0.006248      0.000182      0.002526
19      0.015465      0.025423      0.027826      0.020253      0.027822
            feature  importance_0  ...  avg_importance  std_importance
0          aromatic     -0.000018  ...        0.000064        0.000140
1       blosum62_mu      0.011840  ...        0.010461        0.001351
2       blosum62_wt      0.010872  ...        0.011424        0.002743
3              coil      0.001385  ...        0.003402        0.001465
4        confidence      0.036952  ...        0.030571        0.004081
5              core      0.002632  ...        0.001568        0.001637
6    diseases_score      0.022294  ...        0.024406        0.003692
7    disgenet_score      0.025148  ...        0.022116        0.004238
8           entropy      0.031491  ...        0.029370        0.004234
9          gene_exp      0.000625  ...        0.000205        0.000396
10              hbo      0.008066  ...        0.007033        0.001051
11            helix      0.009068  ...        0.011480        0.001746
12      hydrophobic      0.004775  ...        0.003366        0.002049
13        interface      0.019076  ...        0.014355        0.003224
14  malacards_score      0.000851  ...        0.000081        0.001005
15     mutant_value      0.024357  ...        0.020397        0.005152
16              nis      0.013342  ...        0.008873        0.003522
17              sbr      0.002759  ...        0.003583        0.000851
18            sheet      0.002640  ...        0.003740        0.002871
19   wildtype_value      0.015465  ...        0.023358        0.005388

[20 rows x 8 columns]
            feature  avg_importance  std_importance
4        confidence        0.030571        0.004081
8           entropy        0.029370        0.004234
6    diseases_score        0.024406        0.003692
19   wildtype_value        0.023358        0.005388
7    disgenet_score        0.022116        0.004238
15     mutant_value        0.020397        0.005152
13        interface        0.014355        0.003224
11            helix        0.011480        0.001746
2       blosum62_wt        0.011424        0.002743
1       blosum62_mu        0.010461        0.001351
16              nis        0.008873        0.003522
10              hbo        0.007033        0.001051
18            sheet        0.003740        0.002871
17              sbr        0.003583        0.000851
3              coil        0.003402        0.001465
12      hydrophobic        0.003366        0.002049
5              core        0.001568        0.001637
9          gene_exp        0.000205        0.000396
14  malacards_score        0.000081        0.001005
0          aromatic        0.000064        0.000140
['confidence', 'entropy', 'diseases_score', 'wildtype_value', 'disgenet_score', 'mutant_value', 'interface', 'helix', 'blosum62_wt', 'blosum62_mu', 'nis', 'hbo', 'sheet', 'sbr', 'coil', 'hydrophobic', 'core', 'gene_exp', 'malacards_score', 'aromatic']
[0.03057127205575936, 0.029369616942728972, 0.024406117122394648, 0.02335783029601271, 0.022116369241656966, 0.02039703170758558, 0.014354569274816268, 0.011480062087199053, 0.011424183120486703, 0.010461098914219938, 0.008873177610455498, 0.0070330274978619685, 0.0037402466309617993, 0.0035827159161063047, 0.0034024357536450527, 0.003365818310010887, 0.001568023615764827, 0.00020477402739811634, 8.08691429997177e-05, 6.364034591506418e-05]
[0.004080689981696108, 0.004233986502135846, 0.003692315154309991, 0.005387581402907583, 0.00423831532758473, 0.0051516093168451505, 0.003224076591875537, 0.001746406465353564, 0.0027434682422648048, 0.0013509751045138467, 0.00352232055505213, 0.0010510919578696136, 0.0028707463856646204, 0.0008511837039619774, 0.0014651273444887855, 0.0020491973556796047, 0.0016372686510335642, 0.0003960725558858973, 0.0010045856078503964, 0.00014029136202492188]
