dataset: nih_nodup
use gene expression feature: False
hyper-parameters selected from randomized search:
{'random_state': 42, 'n_jobs': -1, 'n_estimators': 944, 'min_samples_split': 4, 'min_samples_leaf': 8, 'max_features': 'sqrt', 'max_depth': 69, 'criterion': 'mse', 'bootstrap': True}
training the random forest...
training finished.
mean squared error for training:  0.7999810163934084
r2 score for training:  0.17585695475350915
mean squared error for validation:  0.48380651297736993
r2 score for validation: -0.02651939822642224
--------------------------------------------------
training the random forest...
training finished.
mean squared error for training:  0.8222131097820297
r2 score for training:  0.17257235877442423
mean squared error for validation:  0.39023057656407373
r2 score for validation: -0.029054888333621687
--------------------------------------------------
training the random forest...
training finished.
mean squared error for training:  0.6528888166597582
r2 score for training:  0.18166864572805264
mean squared error for validation:  1.185232606376003
r2 score for validation: -0.0190622264296485
--------------------------------------------------
training the random forest...
training finished.
mean squared error for training:  0.7972100428570464
r2 score for training:  0.1671868945228041
mean squared error for validation:  0.529176359796016
r2 score for validation: -0.009201326581025793
--------------------------------------------------
training the random forest...
training finished.
mean squared error for training:  0.5118428781835155
r2 score for training:  0.1935059969161531
mean squared error for validation:  1.83272198104963
r2 score for validation: -0.009779131854043888
--------------------------------------------------
averaged training mse: 0.7168271727751516
averaged training r2 score: 0.17815817013898866
averaged validation mse: 0.8842336073526186
averaged validation r2 score: -0.01872339428495242
