dataset: nih
use gene expression feature: False
hyper-parameters selected from randomized search:
{'random_state': 42, 'n_jobs': -1, 'n_estimators': 500, 'min_samples_split': 10, 'min_samples_leaf': 1, 'max_features': 'sqrt', 'max_depth': 5, 'criterion': 'mse', 'bootstrap': True}
training the random forest...
training finished.
mean squared error for training:  4.459265620694987
r2 score for training:  0.41365303097029615
mean squared error for validation:  3.2368415867996805
r2 score for validation: 0.4077984333217688
--------------------------------------------------
training the random forest...
training finished.
mean squared error for training:  4.176809804274301
r2 score for training:  0.4148222299609987
mean squared error for validation:  4.787137631011448
r2 score for validation: 0.35044589230444567
--------------------------------------------------
training the random forest...
training finished.
mean squared error for training:  3.6627901309523656
r2 score for training:  0.40989309209125635
mean squared error for validation:  8.5955351710402
r2 score for validation: 0.22498159124391437
--------------------------------------------------
training the random forest...
training finished.
mean squared error for training:  4.205705946702058
r2 score for training:  0.40769737489392355
mean squared error for validation:  4.258567975469744
r2 score for validation: 0.4316274907128096
--------------------------------------------------
training the random forest...
training finished.
mean squared error for training:  4.476404553211558
r2 score for training:  0.4310321884057675
mean squared error for validation:  2.401868077538877
r2 score for validation: 0.4599939741936393
--------------------------------------------------
averaged training mse: 4.196195211167054
averaged training r2 score: 0.41541958326444844
averaged validation mse: 4.65599008837199
averaged validation r2 score: 0.3749694763553155
