dataset: erpos
scoring metric for model selection: None
use gene expression feature: True
hyper paramter search space:
{'n_estimators': [500, 611, 722, 833, 944, 1055, 1166, 1277, 1388, 1500], 'criterion': ['mse'], 'max_features': ['sqrt', 'log2', 'auto'], 'max_depth': [5, 28, 52, 76, 100, None], 'min_samples_split': array([0.05      , 0.08888889, 0.12777778, 0.16666667, 0.20555556,
       0.24444444, 0.28333333, 0.32222222, 0.36111111, 0.4       ]), 'min_samples_leaf': array([0.05      , 0.08888889, 0.12777778, 0.16666667, 0.20555556,
       0.24444444, 0.28333333, 0.32222222, 0.36111111, 0.4       ]), 'bootstrap': [True], 'n_jobs': [-1], 'random_state': [42]}
total number of iterations for randomized search:  200
Fitting 5 folds for each of 200 candidates, totalling 1000 fits
[Parallel(n_jobs=1)]: Using backend SequentialBackend with 1 concurrent workers.
[Parallel(n_jobs=1)]: Done 1000 out of 1000 | elapsed: 30.0min finished
Elapsed time for randomized search:  1801.8090391159058
results of randomized search:
Model with rank: 1
Mean validation score: -0.000 (std: 0.001)
Parameters: {'random_state': 42, 'n_jobs': -1, 'n_estimators': 611, 'min_samples_split': 0.08888888888888889, 'min_samples_leaf': 0.12777777777777777, 'max_features': 'sqrt', 'max_depth': 100, 'criterion': 'mse', 'bootstrap': True}

Model with rank: 2
Mean validation score: -0.000 (std: 0.001)
Parameters: {'random_state': 42, 'n_jobs': -1, 'n_estimators': 500, 'min_samples_split': 0.08888888888888889, 'min_samples_leaf': 0.12777777777777777, 'max_features': 'sqrt', 'max_depth': 76, 'criterion': 'mse', 'bootstrap': True}

Model with rank: 2
Mean validation score: -0.000 (std: 0.001)
Parameters: {'random_state': 42, 'n_jobs': -1, 'n_estimators': 500, 'min_samples_split': 0.05, 'min_samples_leaf': 0.12777777777777777, 'max_features': 'sqrt', 'max_depth': 5, 'criterion': 'mse', 'bootstrap': True}

best hyper-parameter combinaiton:
{'random_state': 42, 'n_jobs': -1, 'n_estimators': 611, 'min_samples_split': 0.08888888888888889, 'min_samples_leaf': 0.12777777777777777, 'max_features': 'sqrt', 'max_depth': 100, 'criterion': 'mse', 'bootstrap': True}
