threshold for p-value is set to  0.005
number of positive samples: 230
number of negative samples: 6844
--------------------------------------------------
Starting cross-validation on XGBoost model...
training XGBoost model...
training finished.
training accuracy:  1.0
validation accuracy:  0.9957597173144876
validation precision: 0.9347826086956522
validation recall:  0.9347826086956522
validation f1: 0.9347826086956522
validation MCC: 0.9325912281258932
--------------------------------------------------
Starting cross-validation on XGBoost model...
training XGBoost model...
training finished.
training accuracy:  1.0
validation accuracy:  0.9908127208480565
validation precision: 0.9459459459459459
validation recall:  0.7608695652173914
validation f1: 0.8433734939759038
validation MCC: 0.8439771833509887
--------------------------------------------------
Starting cross-validation on XGBoost model...
training XGBoost model...
training finished.
training accuracy:  1.0
validation accuracy:  0.9957597173144876
validation precision: 0.9761904761904762
validation recall:  0.8913043478260869
validation f1: 0.9318181818181818
validation MCC: 0.9306592177692247
--------------------------------------------------
Starting cross-validation on XGBoost model...
training XGBoost model...
training finished.
training accuracy:  1.0
validation accuracy:  0.9978798586572438
validation precision: 1.0
validation recall:  0.9347826086956522
validation f1: 0.9662921348314606
validation MCC: 0.965783942401027
--------------------------------------------------
Starting cross-validation on XGBoost model...
training XGBoost model...
training finished.
training accuracy:  1.0
validation accuracy:  0.9915134370579916
validation precision: 0.9047619047619048
validation recall:  0.8260869565217391
validation f1: 0.8636363636363636
validation MCC: 0.8602131837496059
--------------------------------------------------
averaged training accuracy: 1.0
averaged validation accuracy: 0.9943450902384534
averaged validation precision: 0.9523361871187959
averaged validation recall: 0.8695652173913043
averaged validation F1: 0.9079805565915124
averaged validation MCC: 0.906644951079348
