dataset: ERpos
threshold for p-value is set to  0.05
       wildtype_value  mutant_value  ...  malacards_score  classification_result
0                0.13          0.13  ...            27.04                      0
1                0.13          0.13  ...            27.04                      0
2                0.13          0.13  ...            27.04                      0
3                0.07          0.07  ...             0.00                      0
4                0.08          0.08  ...             0.00                      0
...               ...           ...  ...              ...                    ...
62727            0.06          0.06  ...             0.00                      0
62728            0.30          0.00  ...            31.55                      0
62729            0.28          0.00  ...            31.55                      0
62730            0.16          0.01  ...            31.55                      0
62731            0.08          0.03  ...            31.55                      0

[62732 rows x 20 columns]
number of positive samples: 7851
number of negative samples: 54881
training the random forest...
training finished.
training accuracy: 0.964450820978798
number of correct predictions: 11694
validation accuracy: 0.9319413452343003
validation precision: 0.7230864965774736
validation recall: 0.7396562698917887
validation mcc: 0.692378088419933
validation f1: 0.7312775330396475
validation confusion matrix: [[10532   445]
 [  409  1162]]
--------------------------------------------------
training the random forest...
training finished.
training accuracy: 0.9649902363208863
number of correct predictions: 11702
validation accuracy: 0.9327275625697433
validation precision: 0.7158145065398336
validation recall: 0.7668789808917198
validation mcc: 0.70242527414518
validation f1: 0.7404674046740467
validation confusion matrix: [[10498   478]
 [  366  1204]]
--------------------------------------------------
training the random forest...
training finished.
training accuracy: 0.9643725341728769
number of correct predictions: 11740
validation accuracy: 0.9357564163876932
validation precision: 0.7281959378733572
validation recall: 0.7764331210191083
validation mcc: 0.7151783854228728
validation f1: 0.75154130702836
validation confusion matrix: [[10521   455]
 [  351  1219]]
--------------------------------------------------
training the random forest...
training finished.
training accuracy: 0.9648109034392062
number of correct predictions: 11663
validation accuracy: 0.9296190020723737
validation precision: 0.7111247695144438
validation recall: 0.7369426751592356
validation mcc: 0.6836321207212571
validation f1: 0.7238035658429778
validation confusion matrix: [[10506   470]
 [  413  1157]]
--------------------------------------------------
training the random forest...
training finished.
training accuracy: 0.9653090503327622
number of correct predictions: 11687
validation accuracy: 0.9315319623784473
validation precision: 0.7176974892835273
validation recall: 0.7464968152866241
validation mcc: 0.692763966729327
validation f1: 0.731813924445832
validation confusion matrix: [[10515   461]
 [  398  1172]]
--------------------------------------------------
averaged training accuracy: 0.964786709048906
averaged validation accuracy: 0.9323152577285115
averaged validation precision: 0.7191838399577271
averaged validation recall: 0.7532815724496953
averaged validation MCC: 0.697275567087714
