dataset: ERpos
threshold for p-value is set to  0.05
       wildtype_value  mutant_value  ...  gene_exp  classification_result
0                0.13          0.13  ...       0.0                      0
1                0.13          0.13  ...       2.0                      0
2                0.13          0.13  ...       0.0                      0
3                0.07          0.07  ...       2.0                      0
4                0.08          0.08  ...       2.0                      0
...               ...           ...  ...       ...                    ...
62727            0.06          0.06  ...       0.0                      0
62728            0.30          0.00  ...       0.0                      0
62729            0.28          0.00  ...       0.0                      0
62730            0.16          0.01  ...       0.0                      0
62731            0.08          0.03  ...       0.0                      0

[62732 rows x 21 columns]
number of positive samples: 7851
number of negative samples: 54881
training the random forest...
training finished.
training accuracy: 0.964789574366332
number of correct predictions: 11643
validation accuracy: 0.9278769525023908
validation precision: 0.7145618556701031
validation recall: 0.705919796308084
validation mcc: 0.6690455190020941
validation f1: 0.7102145373038745
validation confusion matrix: [[10534   443]
 [  462  1109]]
--------------------------------------------------
training the random forest...
training finished.
training accuracy: 0.9651496433268242
number of correct predictions: 11636
validation accuracy: 0.9274669217280408
validation precision: 0.7070263488080301
validation recall: 0.7178343949044586
validation mcc: 0.6709179333796373
validation f1: 0.7123893805309734
validation confusion matrix: [[10509   467]
 [  443  1127]]
--------------------------------------------------
training the random forest...
training finished.
training accuracy: 0.964711274060495
number of correct predictions: 11684
validation accuracy: 0.931292842340188
validation precision: 0.7218045112781954
validation recall: 0.7337579617834394
validation mcc: 0.6884515352952163
validation f1: 0.7277321541377133
validation confusion matrix: [[10532   444]
 [  418  1152]]
--------------------------------------------------
training the random forest...
training finished.
training accuracy: 0.9651496433268242
number of correct predictions: 11623
validation accuracy: 0.9264307348955843
validation precision: 0.7051363348129359
validation recall: 0.70828025477707
validation mcc: 0.6646474910982534
validation f1: 0.7067047982205275
validation confusion matrix: [[10511   465]
 [  458  1112]]
--------------------------------------------------
training the random forest...
training finished.
training accuracy: 0.9656477902203802
number of correct predictions: 11641
validation accuracy: 0.9278654551251395
validation precision: 0.7095148078134845
validation recall: 0.7171974522292993
validation mcc: 0.6720913014819715
validation f1: 0.713335445042762
validation confusion matrix: [[10515   461]
 [  444  1126]]
--------------------------------------------------
averaged training accuracy: 0.9650895850601711
averaged validation accuracy: 0.9281865813182687
averaged validation precision: 0.7116087716765498
averaged validation recall: 0.7165979720004703
averaged validation MCC: 0.6730307560514345
