dataset: NIH
threshold for p-value is set to  0.05
the ratio of effective data: 0.5991851643720146
      wildtype_value  mutant_value  ...  gene_exp  classification_result
0               0.08          0.08  ...       2.0                      0
1               0.88          0.88  ...       2.0                      0
2               0.10          0.11  ...       2.0                      0
5               0.19          0.19  ...       2.0                      0
6               0.09          0.09  ...       2.0                      0
...              ...           ...  ...       ...                    ...
7113            0.00          0.01  ...       2.0                      0
7114            0.06          0.06  ...       0.0                      0
7115            0.32          0.32  ...       2.0                      1
7116            0.07          0.00  ...       3.0                      0
7117            0.50          0.50  ...       2.0                      0

[4265 rows x 21 columns]
number of positive samples: 475
number of negative samples: 3790
training the random forest...
training finished.
training accuracy: 0.9994138335287222
number of correct predictions: 824
validation accuracy: 0.9660023446658851
validation precision: 0.9714285714285714
validation recall: 0.7157894736842105
validation mcc: 0.817425102183673
validation f1: 0.8242424242424242
validation confusion matrix: [[756   2]
 [ 27  68]]
--------------------------------------------------
training the random forest...
training finished.
training accuracy: 0.9991207502930832
number of correct predictions: 831
validation accuracy: 0.9742086752637749
validation precision: 1.0
validation recall: 0.7684210526315789
validation mcc: 0.8641456117614587
validation f1: 0.869047619047619
validation confusion matrix: [[758   0]
 [ 22  73]]
--------------------------------------------------
training the random forest...
training finished.
training accuracy: 0.9997069167643611
number of correct predictions: 821
validation accuracy: 0.9624853458382181
validation precision: 0.9846153846153847
validation recall: 0.6736842105263158
validation mcc: 0.7972264219172407
validation f1: 0.8
validation confusion matrix: [[757   1]
 [ 31  64]]
--------------------------------------------------
training the random forest...
training finished.
training accuracy: 0.9994138335287222
number of correct predictions: 831
validation accuracy: 0.9742086752637749
validation precision: 0.9866666666666667
validation recall: 0.7789473684210526
validation mcc: 0.8638690703352575
validation f1: 0.8705882352941177
validation confusion matrix: [[757   1]
 [ 21  74]]
--------------------------------------------------
training the random forest...
training finished.
training accuracy: 0.9991207502930832
number of correct predictions: 827
validation accuracy: 0.9695193434935522
validation precision: 0.9859154929577465
validation recall: 0.7368421052631579
validation mcc: 0.8376450381600936
validation f1: 0.8433734939759036
validation confusion matrix: [[757   1]
 [ 25  70]]
--------------------------------------------------
averaged training accuracy: 0.9993552168815943
averaged validation accuracy: 0.9692848769050411
averaged validation precision: 0.9857252231336738
averaged validation recall: 0.7347368421052631
averaged validation MCC: 0.8360622488715447
