dataset: erpos
threshold for p-value is set to  0.05
       wildtype_value  mutant_value  ...  malacards_score  classification_result
0                0.13          0.13  ...            27.04                      0
1                0.07          0.07  ...             0.00                      0
2                0.08          0.08  ...             0.00                      0
3                0.03          0.01  ...             0.00                      0
4                0.04          0.12  ...             0.00                      0
5                0.05          0.00  ...             0.00                      0
6                0.88          0.88  ...             0.00                      0
7                0.18          0.18  ...             0.00                      0
8                0.17          0.17  ...             0.00                      0
9                0.04          0.13  ...             0.00                      0
10               0.19          0.19  ...             0.00                      1
11               0.10          0.11  ...             0.00                      0
12               0.60          0.60  ...             0.00                      0
13               0.19          0.19  ...             0.00                      0
14               0.90          0.90  ...             0.00                      1
15               0.22          0.09  ...             0.00                      0
16               0.02          0.01  ...             0.00                      0
17               0.19          0.19  ...             0.00                      0
18               0.18          0.18  ...             0.00                      0
19               0.92          0.92  ...             0.00                      0
20               0.06          0.07  ...             0.00                      0
21               0.28          0.28  ...             0.00                      0
22               0.07          0.08  ...             0.00                      0
23               0.66          0.66  ...             0.00                      0
24               0.08          0.06  ...             0.00                      0
25               0.94          0.94  ...             0.00                      0
26               0.22          0.22  ...             0.00                      0
27               0.07          0.07  ...             0.00                      0
28               0.04          0.04  ...             0.00                      0
29               1.00          1.00  ...             0.00                      0
...               ...           ...  ...              ...                    ...
11150            0.37          0.37  ...             0.00                      1
11151            0.63          0.15  ...             0.00                      0
11152            0.06          0.06  ...             0.00                      0
11153            0.06          0.03  ...             0.00                      0
11154            0.38          0.09  ...             0.00                      0
11155            0.13          0.00  ...             0.00                      1
11156            0.66          0.66  ...             0.00                      1
11157            0.16          0.03  ...             0.00                      0
11158            0.48          0.07  ...             0.00                      0
11159            0.16          0.16  ...             0.00                      1
11160            0.28          0.28  ...             0.00                      0
11161            0.21          0.05  ...             0.00                      1
11162            0.53          0.53  ...             0.00                      0
11163            0.48          0.48  ...             0.00                      0
11164            0.04          0.04  ...             0.00                      1
11165            0.20          0.40  ...             0.00                      1
11166            0.51          0.07  ...             0.00                      0
11167            0.32          0.32  ...             0.00                      1
11168            0.20          0.00  ...             0.00                      0
11169            0.22          0.01  ...             0.00                      0
11170            0.05          0.01  ...             0.00                      0
11171            0.08          0.08  ...             0.00                      0
11172            0.69          0.69  ...             0.00                      0
11173            0.08          0.08  ...             0.00                      0
11174            0.69          0.69  ...             0.00                      0
11175            0.27          0.27  ...             0.00                      0
11176            0.08          0.08  ...             0.00                      1
11177            0.05          0.95  ...             0.00                      0
11178            0.00          0.00  ...             0.00                      0
11179            0.86          0.86  ...             0.00                      0

[11180 rows x 20 columns]
number of positive samples: 1320
number of negative samples: 9860
hyper-parameters selected from randomized search:
{'n_estimators': 1166, 'min_samples_split': 10, 'min_samples_leaf': 10, 'max_features': None, 'max_depth': 109, 'criterion': 'entropy', 'bootstrap': False}
training the random forest...
training finished.
training accuracy: 0.7851073345259392
number of correct predictions: 1522
validation accuracy: 0.6806797853309481
validation precision: 0.18922651933701656
validation recall: 0.5189393939393939
validation mcc: 0.15259376959640084
validation f1: 0.2773279352226721
validation confusion matrix: [[1385  587]
 [ 127  137]]
--------------------------------------------------
training the random forest...
training finished.
training accuracy: 0.8022137745974955
number of correct predictions: 1556
validation accuracy: 0.6958855098389982
validation precision: 0.18768768768768768
validation recall: 0.4734848484848485
validation mcc: 0.14051926628848888
validation f1: 0.26881720430107525
validation confusion matrix: [[1431  541]
 [ 139  125]]
--------------------------------------------------
training the random forest...
training finished.
training accuracy: 0.7991949910554562
number of correct predictions: 1534
validation accuracy: 0.686046511627907
validation precision: 0.17794117647058824
validation recall: 0.4583333333333333
validation mcc: 0.12265873904198352
validation f1: 0.25635593220338987
validation confusion matrix: [[1413  559]
 [ 143  121]]
--------------------------------------------------
training the random forest...
training finished.
training accuracy: 0.7894677996422182
number of correct predictions: 1529
validation accuracy: 0.6838103756708408
validation precision: 0.18220946915351507
validation recall: 0.4810606060606061
validation mcc: 0.13376808447750055
validation f1: 0.2643080124869927
validation confusion matrix: [[1402  570]
 [ 137  127]]
--------------------------------------------------
training the random forest...
training finished.
training accuracy: 0.7979651162790697
number of correct predictions: 1576
validation accuracy: 0.7048300536672629
validation precision: 0.18167202572347266
validation recall: 0.42803030303030304
validation mcc: 0.12236143421232867
validation f1: 0.255079006772009
validation confusion matrix: [[1463  509]
 [ 151  113]]
--------------------------------------------------
averaged training accuracy: 0.7947898032200358
averaged validation accuracy: 0.6902504472271914
averaged validation precision: 0.18374737567445604
averaged validation recall: 0.471969696969697
averaged validation MCC: 0.1343802587233405
