dataset: erneg
threshold for p-value is set to  0.05
       wildtype_value  mutant_value  ...  malacards_score  classification_result
0                0.13          0.13  ...            27.04                      0
1                0.07          0.07  ...             0.00                      0
2                0.08          0.08  ...             0.00                      0
3                0.03          0.01  ...             0.00                      0
4                0.04          0.12  ...             0.00                      1
5                0.05          0.00  ...             0.00                      0
6                0.88          0.88  ...             0.00                      0
7                0.18          0.18  ...             0.00                      0
8                0.17          0.17  ...             0.00                      0
9                0.04          0.13  ...             0.00                      0
10               0.19          0.19  ...             0.00                      1
11               0.10          0.11  ...             0.00                      0
12               0.60          0.60  ...             0.00                      0
13               0.19          0.19  ...             0.00                      0
14               0.90          0.90  ...             0.00                      0
15               0.22          0.09  ...             0.00                      0
16               0.02          0.01  ...             0.00                      0
17               0.19          0.19  ...             0.00                      0
18               0.18          0.18  ...             0.00                      0
19               0.92          0.92  ...             0.00                      0
20               0.06          0.07  ...             0.00                      1
21               0.28          0.28  ...             0.00                      0
22               0.07          0.08  ...             0.00                      0
23               0.66          0.66  ...             0.00                      0
24               0.08          0.06  ...             0.00                      0
25               0.94          0.94  ...             0.00                      0
26               0.22          0.22  ...             0.00                      0
27               0.07          0.07  ...             0.00                      0
28               0.04          0.04  ...             0.00                      0
29               1.00          1.00  ...             0.00                      1
...               ...           ...  ...              ...                    ...
11149            0.37          0.37  ...             0.00                      0
11150            0.63          0.15  ...             0.00                      0
11151            0.06          0.06  ...             0.00                      0
11152            0.06          0.03  ...             0.00                      0
11153            0.38          0.09  ...             0.00                      0
11154            0.13          0.00  ...             0.00                      1
11155            0.66          0.66  ...             0.00                      1
11156            0.16          0.03  ...             0.00                      0
11157            0.48          0.07  ...             0.00                      0
11158            0.16          0.16  ...             0.00                      1
11159            0.28          0.28  ...             0.00                      0
11160            0.21          0.05  ...             0.00                      1
11161            0.53          0.53  ...             0.00                      0
11162            0.48          0.48  ...             0.00                      0
11163            0.04          0.04  ...             0.00                      1
11164            0.20          0.40  ...             0.00                      1
11165            0.51          0.07  ...             0.00                      0
11166            0.32          0.32  ...             0.00                      1
11167            0.20          0.00  ...             0.00                      0
11168            0.22          0.01  ...             0.00                      0
11169            0.05          0.01  ...             0.00                      0
11170            0.08          0.08  ...             0.00                      0
11171            0.69          0.69  ...             0.00                      0
11172            0.08          0.08  ...             0.00                      0
11173            0.69          0.69  ...             0.00                      0
11174            0.27          0.27  ...             0.00                      0
11175            0.08          0.08  ...             0.00                      0
11176            0.05          0.95  ...             0.00                      0
11177            0.00          0.00  ...             0.00                      0
11178            0.86          0.86  ...             0.00                      0

[11179 rows x 20 columns]
number of positive samples: 864
number of negative samples: 10315
hyper-parameters selected from randomized search:
{'n_estimators': 1833, 'min_samples_split': 12, 'min_samples_leaf': 2, 'max_features': None, 'max_depth': 57, 'criterion': 'entropy', 'bootstrap': False}
training the random forest...
training finished.
training accuracy: 0.9088672704908868
number of correct predictions: 1827
validation accuracy: 0.8170840787119857
validation precision: 0.1467065868263473
validation recall: 0.2832369942196532
validation mcc: 0.10874959922426924
validation f1: 0.1932938856015779
validation confusion matrix: [[1778  285]
 [ 124   49]]
--------------------------------------------------
training the random forest...
training finished.
training accuracy: 0.913340042491334
number of correct predictions: 1789
validation accuracy: 0.8000894454382826
validation precision: 0.14322916666666666
validation recall: 0.3179190751445087
validation mcc: 0.11224279699879049
validation f1: 0.19748653500897667
validation confusion matrix: [[1734  329]
 [ 118   55]]
--------------------------------------------------
training the random forest...
training finished.
training accuracy: 0.9100972827910098
number of correct predictions: 1772
validation accuracy: 0.7924865831842576
validation precision: 0.1371571072319202
validation recall: 0.3179190751445087
validation mcc: 0.10460648699273245
validation f1: 0.1916376306620209
validation confusion matrix: [[1717  346]
 [ 118   55]]
--------------------------------------------------
training the random forest...
training finished.
training accuracy: 0.9005926422900593
number of correct predictions: 1784
validation accuracy: 0.7978533094812165
validation precision: 0.1486146095717884
validation recall: 0.34104046242774566
validation mcc: 0.1238949713040105
validation f1: 0.2070175438596491
validation confusion matrix: [[1725  338]
 [ 114   59]]
--------------------------------------------------
training the random forest...
training finished.
training accuracy: 0.9151386404293381
number of correct predictions: 1791
validation accuracy: 0.8013422818791947
validation precision: 0.14210526315789473
validation recall: 0.313953488372093
validation mcc: 0.11063258943654175
validation f1: 0.19565217391304346
validation confusion matrix: [[1737  326]
 [ 118   54]]
--------------------------------------------------
averaged training accuracy: 0.9096071756985256
averaged validation accuracy: 0.8017711397389874
averaged validation precision: 0.14356254669092347
averaged validation recall: 0.31481381906170186
averaged validation MCC: 0.11202528879126888
