dataset: erpos
threshold for p-value is set to  0.05
       wildtype_value  mutant_value  ...  gene_exp  classification_result
0                0.13          0.13  ...         0                      0
1                0.07          0.07  ...         0                      0
2                0.08          0.08  ...         0                      0
3                0.03          0.01  ...         0                      0
4                0.04          0.12  ...         0                      0
5                0.05          0.00  ...         0                      0
6                0.88          0.88  ...         0                      0
7                0.18          0.18  ...         0                      0
8                0.17          0.17  ...         0                      0
9                0.04          0.13  ...         0                      0
10               0.19          0.19  ...         0                      1
11               0.10          0.11  ...         0                      0
12               0.60          0.60  ...         0                      0
13               0.19          0.19  ...         0                      0
14               0.90          0.90  ...         0                      1
15               0.22          0.09  ...         0                      0
16               0.02          0.01  ...         0                      0
17               0.19          0.19  ...         0                      0
18               0.18          0.18  ...         0                      0
19               0.92          0.92  ...         0                      0
20               0.06          0.07  ...         0                      0
21               0.28          0.28  ...         0                      0
22               0.07          0.08  ...         0                      0
23               0.66          0.66  ...         0                      0
24               0.08          0.06  ...         0                      0
25               0.94          0.94  ...         0                      0
26               0.22          0.22  ...         0                      0
27               0.07          0.07  ...         0                      0
28               0.04          0.04  ...         0                      0
29               1.00          1.00  ...         0                      0
...               ...           ...  ...       ...                    ...
11150            0.37          0.37  ...         0                      1
11151            0.63          0.15  ...         0                      0
11152            0.06          0.06  ...         0                      0
11153            0.06          0.03  ...         0                      0
11154            0.38          0.09  ...         0                      0
11155            0.13          0.00  ...         0                      1
11156            0.66          0.66  ...         0                      1
11157            0.16          0.03  ...         0                      0
11158            0.48          0.07  ...         0                      0
11159            0.16          0.16  ...         0                      1
11160            0.28          0.28  ...         0                      0
11161            0.21          0.05  ...         0                      1
11162            0.53          0.53  ...         0                      0
11163            0.48          0.48  ...         0                      0
11164            0.04          0.04  ...         0                      1
11165            0.20          0.40  ...         0                      1
11166            0.51          0.07  ...         0                      0
11167            0.32          0.32  ...         0                      1
11168            0.20          0.00  ...         0                      0
11169            0.22          0.01  ...         0                      0
11170            0.05          0.01  ...         0                      0
11171            0.08          0.08  ...         0                      0
11172            0.69          0.69  ...         0                      0
11173            0.08          0.08  ...         0                      0
11174            0.69          0.69  ...         0                      0
11175            0.27          0.27  ...         0                      0
11176            0.08          0.08  ...         0                      1
11177            0.05          0.95  ...         0                      0
11178            0.00          0.00  ...         0                      0
11179            0.86          0.86  ...         0                      0

[11180 rows x 21 columns]
number of positive samples: 1320
number of negative samples: 9860
hyper-parameters selected from randomized search:
{'n_estimators': 2500, 'min_samples_split': 2, 'min_samples_leaf': 2, 'max_features': 'log2', 'max_depth': 21, 'criterion': 'entropy', 'bootstrap': False}
training the random forest...
training finished.
training accuracy: 0.9802101967799642
number of correct predictions: 1989
validation accuracy: 0.8895348837209303
validation precision: 0.5578231292517006
validation recall: 0.3106060606060606
validation mcc: 0.36150704299797837
validation f1: 0.39902676399026765
validation confusion matrix: [[1907   65]
 [ 182   82]]
--------------------------------------------------
training the random forest...
training finished.
training accuracy: 0.9792039355992844
number of correct predictions: 1994
validation accuracy: 0.8917710196779964
validation precision: 0.5714285714285714
validation recall: 0.3333333333333333
validation mcc: 0.38210273467208705
validation f1: 0.4210526315789474
validation confusion matrix: [[1906   66]
 [ 176   88]]
--------------------------------------------------
training the random forest...
training finished.
training accuracy: 0.9796511627906976
number of correct predictions: 1985
validation accuracy: 0.8877459749552773
validation precision: 0.5436241610738255
validation recall: 0.3068181818181818
validation mcc: 0.35237508572970844
validation f1: 0.3922518159806295
validation confusion matrix: [[1904   68]
 [ 183   81]]
--------------------------------------------------
training the random forest...
training finished.
training accuracy: 0.981216457960644
number of correct predictions: 1992
validation accuracy: 0.8908765652951699
validation precision: 0.5694444444444444
validation recall: 0.3106060606060606
validation mcc: 0.36699124036918424
validation f1: 0.40196078431372556
validation confusion matrix: [[1910   62]
 [ 182   82]]
--------------------------------------------------
training the random forest...
training finished.
training accuracy: 0.9790921288014311
number of correct predictions: 1962
validation accuracy: 0.8774597495527728
validation precision: 0.46621621621621623
validation recall: 0.26136363636363635
validation mcc: 0.2872408426737409
validation f1: 0.3349514563106796
validation confusion matrix: [[1893   79]
 [ 195   69]]
--------------------------------------------------
averaged training accuracy: 0.9798747763864043
averaged validation accuracy: 0.8874776386404294
averaged validation precision: 0.5417073044829517
averaged validation recall: 0.30454545454545456
averaged validation MCC: 0.3500433892885398
