dataset: erneg
threshold for p-value is set to  0.05
       wildtype_value  mutant_value  ...  gene_exp  classification_result
0                0.13          0.13  ...         0                      0
1                0.07          0.07  ...         0                      0
2                0.08          0.08  ...         0                      0
3                0.03          0.01  ...         0                      0
4                0.04          0.12  ...         0                      1
5                0.05          0.00  ...         0                      0
6                0.88          0.88  ...         0                      0
7                0.18          0.18  ...         0                      0
8                0.17          0.17  ...         0                      0
9                0.04          0.13  ...         0                      0
10               0.19          0.19  ...         0                      1
11               0.10          0.11  ...         0                      0
12               0.60          0.60  ...         0                      0
13               0.19          0.19  ...         0                      0
14               0.90          0.90  ...         0                      0
15               0.22          0.09  ...         0                      0
16               0.02          0.01  ...         0                      0
17               0.19          0.19  ...         0                      0
18               0.18          0.18  ...         0                      0
19               0.92          0.92  ...         0                      0
20               0.06          0.07  ...         0                      1
21               0.28          0.28  ...         0                      0
22               0.07          0.08  ...         0                      0
23               0.66          0.66  ...         0                      0
24               0.08          0.06  ...         1                      0
25               0.94          0.94  ...         0                      0
26               0.22          0.22  ...         0                      0
27               0.07          0.07  ...         0                      0
28               0.04          0.04  ...         0                      0
29               1.00          1.00  ...         0                      1
...               ...           ...  ...       ...                    ...
11149            0.37          0.37  ...         0                      0
11150            0.63          0.15  ...         0                      0
11151            0.06          0.06  ...         0                      0
11152            0.06          0.03  ...         0                      0
11153            0.38          0.09  ...         0                      0
11154            0.13          0.00  ...         0                      1
11155            0.66          0.66  ...         0                      1
11156            0.16          0.03  ...         0                      0
11157            0.48          0.07  ...         0                      0
11158            0.16          0.16  ...         0                      1
11159            0.28          0.28  ...         0                      0
11160            0.21          0.05  ...         0                      1
11161            0.53          0.53  ...         0                      0
11162            0.48          0.48  ...         0                      0
11163            0.04          0.04  ...         0                      1
11164            0.20          0.40  ...         0                      1
11165            0.51          0.07  ...         0                      0
11166            0.32          0.32  ...         0                      1
11167            0.20          0.00  ...         0                      0
11168            0.22          0.01  ...         0                      0
11169            0.05          0.01  ...         0                      0
11170            0.08          0.08  ...         0                      0
11171            0.69          0.69  ...         0                      0
11172            0.08          0.08  ...         0                      0
11173            0.69          0.69  ...         0                      0
11174            0.27          0.27  ...         0                      0
11175            0.08          0.08  ...         0                      0
11176            0.05          0.95  ...         0                      0
11177            0.00          0.00  ...         0                      0
11178            0.86          0.86  ...         0                      0

[11179 rows x 21 columns]
number of positive samples: 864
number of negative samples: 10315
hyper-parameters selected from randomized search:
{'n_estimators': 1833, 'min_samples_split': 12, 'min_samples_leaf': 2, 'max_features': None, 'max_depth': 57, 'criterion': 'entropy', 'bootstrap': False}
training the random forest...
training finished.
training accuracy: 0.9118863915911887
number of correct predictions: 1809
validation accuracy: 0.8090339892665475
validation precision: 0.14124293785310735
validation recall: 0.28901734104046245
validation mcc: 0.10368257617211933
validation f1: 0.189753320683112
validation confusion matrix: [[1759  304]
 [ 123   50]]
--------------------------------------------------
training the random forest...
training finished.
training accuracy: 0.9088672704908868
number of correct predictions: 1744
validation accuracy: 0.7799642218246869
validation precision: 0.12114014251781473
validation recall: 0.2947976878612717
validation mcc: 0.07889996491915864
validation f1: 0.17171717171717174
validation confusion matrix: [[1693  370]
 [ 122   51]]
--------------------------------------------------
training the random forest...
training finished.
training accuracy: 0.9055126914905512
number of correct predictions: 1763
validation accuracy: 0.7884615384615384
validation precision: 0.1323529411764706
validation recall: 0.31213872832369943
validation mcc: 0.09722247774918723
validation f1: 0.1858864027538726
validation confusion matrix: [[1709  354]
 [ 119   54]]
--------------------------------------------------
training the random forest...
training finished.
training accuracy: 0.9066308844906631
number of correct predictions: 1781
validation accuracy: 0.7965116279069767
validation precision: 0.1457286432160804
validation recall: 0.3352601156069364
validation mcc: 0.11905822906150838
validation f1: 0.20315236427320488
validation confusion matrix: [[1723  340]
 [ 115   58]]
--------------------------------------------------
training the random forest...
training finished.
training accuracy: 0.9049642218246869
number of correct predictions: 1783
validation accuracy: 0.7977628635346756
validation precision: 0.13541666666666666
validation recall: 0.3023255813953488
validation mcc: 0.09990305168683769
validation f1: 0.18705035971223022
validation confusion matrix: [[1731  332]
 [ 120   52]]
--------------------------------------------------
averaged training accuracy: 0.9075722919775954
averaged validation accuracy: 0.794346848198885
averaged validation precision: 0.13517626628602794
averaged validation recall: 0.3067078908455438
averaged validation MCC: 0.09975325991776225
