dataset: nih
threshold for p-value is set to  0.05
      wildtype_value  mutant_value  ...  gene_exp  classification_result
0               0.08          0.08  ...         0                      0
1               0.88          0.88  ...         0                      0
2               0.10          0.11  ...         0                      0
3               0.19          0.19  ...         0                      0
4               0.09          0.09  ...         0                      0
5               0.09          0.09  ...         0                      0
6               0.09          0.09  ...         0                      0
7               0.92          0.92  ...         0                      0
8               0.14          0.07  ...         0                      0
9               0.14          0.08  ...         0                      0
10              0.14          0.07  ...         0                      0
11              0.14          0.08  ...         0                      0
12              0.39          0.39  ...         0                      0
13              0.38          0.38  ...         0                      0
14              0.39          0.39  ...         0                      0
15              0.38          0.38  ...         0                      0
16              0.38          0.38  ...         0                      0
17              0.13          0.06  ...         0                      0
18              0.04          0.04  ...         0                      0
19              0.05          0.05  ...         0                      0
20              0.05          0.05  ...         0                      0
21              0.04          0.04  ...         0                      0
22              0.07          0.07  ...         0                      0
23              0.07          0.07  ...         0                      0
24              0.04          0.04  ...         0                      0
25              0.05          0.05  ...         0                      0
26              0.05          0.05  ...         0                      0
27              0.23          0.23  ...         0                      0
28              0.03          0.03  ...         0                      0
29              0.23          0.23  ...         0                      0
...              ...           ...  ...       ...                    ...
4235            0.68          0.68  ...         0                      1
4236            0.68          0.68  ...         0                      1
4237            0.68          0.68  ...         0                      1
4238            0.68          0.68  ...         0                      1
4239            0.41          0.41  ...         0                      0
4240            0.41          0.41  ...         0                      0
4241            0.41          0.41  ...         0                      0
4242            0.41          0.41  ...         0                      0
4243            0.41          0.41  ...         0                      0
4244            0.41          0.41  ...         0                      0
4245            0.41          0.41  ...         0                      0
4246            0.41          0.41  ...         0                      0
4247            0.41          0.41  ...         0                      0
4248            0.41          0.41  ...         0                      0
4249            0.68          0.68  ...         0                      1
4250            0.68          0.68  ...         0                      1
4251            0.68          0.68  ...         0                      1
4252            0.68          0.68  ...         0                      1
4253            0.68          0.68  ...         0                      1
4254            0.68          0.68  ...         0                      1
4255            0.68          0.68  ...         0                      1
4256            0.68          0.68  ...         0                      1
4257            0.68          0.68  ...         0                      1
4258            0.68          0.68  ...         0                      1
4259            0.00          0.01  ...         0                      0
4260            0.00          0.01  ...         0                      0
4261            0.06          0.06  ...         0                      0
4262            0.32          0.32  ...         0                      1
4263            0.07          0.00  ...         1                      0
4264            0.50          0.50  ...         0                      0

[4265 rows x 21 columns]
number of positive samples: 475
number of negative samples: 3790
hyper-parameters selected from randomized search:
{'n_estimators': 722, 'min_samples_split': 14, 'min_samples_leaf': 1, 'max_features': None, 'max_depth': 62, 'criterion': 'gini', 'bootstrap': False}
training the random forest...
training finished.
training accuracy: 0.9399179366940211
number of correct predictions: 741
validation accuracy: 0.8686987104337632
validation precision: 0.4472049689440994
validation recall: 0.7578947368421053
validation mcc: 0.5149159259604925
validation f1: 0.5625
validation confusion matrix: [[669  89]
 [ 23  72]]
--------------------------------------------------
training the random forest...
training finished.
training accuracy: 0.9446072684642438
number of correct predictions: 755
validation accuracy: 0.8851113716295428
validation precision: 0.4911242603550296
validation recall: 0.8736842105263158
validation mcc: 0.600024133387771
validation f1: 0.6287878787878788
validation confusion matrix: [[672  86]
 [ 12  83]]
--------------------------------------------------
training the random forest...
training finished.
training accuracy: 0.9528135990621337
number of correct predictions: 783
validation accuracy: 0.917936694021102
validation precision: 0.6016260162601627
validation recall: 0.7789473684210526
validation mcc: 0.6396836341147745
validation f1: 0.6788990825688073
validation confusion matrix: [[709  49]
 [ 21  74]]
--------------------------------------------------
training the random forest...
training finished.
training accuracy: 0.9390386869871044
number of correct predictions: 759
validation accuracy: 0.8898007033997656
validation precision: 0.5034013605442177
validation recall: 0.7789473684210526
validation mcc: 0.5686276150718002
validation f1: 0.6115702479338844
validation confusion matrix: [[685  73]
 [ 21  74]]
--------------------------------------------------
training the random forest...
training finished.
training accuracy: 0.9454865181711606
number of correct predictions: 759
validation accuracy: 0.8898007033997656
validation precision: 0.503448275862069
validation recall: 0.7684210526315789
validation mcc: 0.5640154136188282
validation f1: 0.6083333333333333
validation confusion matrix: [[686  72]
 [ 22  73]]
--------------------------------------------------
averaged training accuracy: 0.9443728018757327
averaged validation accuracy: 0.8902696365767878
averaged validation precision: 0.5093609763931156
averaged validation recall: 0.791578947368421
averaged validation MCC: 0.5774533444307333
