dataset: nih
threshold for p-value is set to  0.05
      wildtype_value  mutant_value  ...  malacards_score  classification_result
0               0.08          0.08  ...              0.0                      0
1               0.88          0.88  ...              0.0                      0
2               0.10          0.11  ...              0.0                      0
3               0.19          0.19  ...              0.0                      0
4               0.09          0.09  ...              0.0                      0
5               0.09          0.09  ...              0.0                      0
6               0.09          0.09  ...              0.0                      0
7               0.92          0.92  ...              0.0                      0
8               0.14          0.07  ...              0.0                      0
9               0.14          0.08  ...              0.0                      0
10              0.14          0.07  ...              0.0                      0
11              0.14          0.08  ...              0.0                      0
12              0.39          0.39  ...              0.0                      0
13              0.38          0.38  ...              0.0                      0
14              0.39          0.39  ...              0.0                      0
15              0.38          0.38  ...              0.0                      0
16              0.38          0.38  ...              0.0                      0
17              0.13          0.06  ...              0.0                      0
18              0.04          0.04  ...              0.0                      0
19              0.05          0.05  ...              0.0                      0
20              0.05          0.05  ...              0.0                      0
21              0.04          0.04  ...              0.0                      0
22              0.07          0.07  ...              0.0                      0
23              0.07          0.07  ...              0.0                      0
24              0.04          0.04  ...              0.0                      0
25              0.05          0.05  ...              0.0                      0
26              0.05          0.05  ...              0.0                      0
27              0.23          0.23  ...              0.0                      0
28              0.03          0.03  ...              0.0                      0
29              0.23          0.23  ...              0.0                      0
...              ...           ...  ...              ...                    ...
4235            0.68          0.68  ...              0.0                      1
4236            0.68          0.68  ...              0.0                      1
4237            0.68          0.68  ...              0.0                      1
4238            0.68          0.68  ...              0.0                      1
4239            0.41          0.41  ...              0.0                      0
4240            0.41          0.41  ...              0.0                      0
4241            0.41          0.41  ...              0.0                      0
4242            0.41          0.41  ...              0.0                      0
4243            0.41          0.41  ...              0.0                      0
4244            0.41          0.41  ...              0.0                      0
4245            0.41          0.41  ...              0.0                      0
4246            0.41          0.41  ...              0.0                      0
4247            0.41          0.41  ...              0.0                      0
4248            0.41          0.41  ...              0.0                      0
4249            0.68          0.68  ...              0.0                      1
4250            0.68          0.68  ...              0.0                      1
4251            0.68          0.68  ...              0.0                      1
4252            0.68          0.68  ...              0.0                      1
4253            0.68          0.68  ...              0.0                      1
4254            0.68          0.68  ...              0.0                      1
4255            0.68          0.68  ...              0.0                      1
4256            0.68          0.68  ...              0.0                      1
4257            0.68          0.68  ...              0.0                      1
4258            0.68          0.68  ...              0.0                      1
4259            0.00          0.01  ...              0.0                      0
4260            0.00          0.01  ...              0.0                      0
4261            0.06          0.06  ...              0.0                      0
4262            0.32          0.32  ...              0.0                      1
4263            0.07          0.00  ...              0.0                      0
4264            0.50          0.50  ...              0.0                      0

[4265 rows x 20 columns]
number of positive samples: 475
number of negative samples: 3790
hyper-parameters selected from randomized search:
{'n_estimators': 2055, 'min_samples_split': 10, 'min_samples_leaf': 6, 'max_features': 'log2', 'max_depth': 21, 'criterion': 'entropy', 'bootstrap': True}
training the random forest...
training finished.
training accuracy: 0.992672919109027
number of correct predictions: 823
validation accuracy: 0.9648300117233294
validation precision: 0.9113924050632911
validation recall: 0.7578947368421053
validation mcc: 0.812450585932196
validation f1: 0.8275862068965517
validation confusion matrix: [[751   7]
 [ 23  72]]
--------------------------------------------------
training the random forest...
training finished.
training accuracy: 0.9900351699882767
number of correct predictions: 830
validation accuracy: 0.9730363423212193
validation precision: 0.9390243902439024
validation recall: 0.8105263157894737
validation mcc: 0.8579866509309169
validation f1: 0.8700564971751412
validation confusion matrix: [[753   5]
 [ 18  77]]
--------------------------------------------------
training the random forest...
training finished.
training accuracy: 0.9917936694021102
number of correct predictions: 822
validation accuracy: 0.9636576787807737
validation precision: 0.9848484848484849
validation recall: 0.6842105263157895
validation mcc: 0.8040603177129817
validation f1: 0.8074534161490684
validation confusion matrix: [[757   1]
 [ 30  65]]
--------------------------------------------------
training the random forest...
training finished.
training accuracy: 0.992672919109027
number of correct predictions: 822
validation accuracy: 0.9636576787807737
validation precision: 0.9571428571428572
validation recall: 0.7052631578947368
validation mcc: 0.8038475111067818
validation f1: 0.8121212121212121
validation confusion matrix: [[755   3]
 [ 28  67]]
--------------------------------------------------
training the random forest...
training finished.
training accuracy: 0.9917936694021102
number of correct predictions: 821
validation accuracy: 0.9624853458382181
validation precision: 0.9436619718309859
validation recall: 0.7052631578947368
validation mcc: 0.7971742810062811
validation f1: 0.8072289156626505
validation confusion matrix: [[754   4]
 [ 28  67]]
--------------------------------------------------
averaged training accuracy: 0.9917936694021102
averaged validation accuracy: 0.9655334114888628
averaged validation precision: 0.9472140218259043
averaged validation recall: 0.7326315789473684
averaged validation MCC: 0.8151038693378315
